!SESSION 2015-10-04 14:26:30.069 -----------------------------------------------
eclipse.buildId=unknown
java.version=1.8.0_25
java.vendor=Oracle Corporation
BootLoader constants: OS=win32, ARCH=x86, WS=win32, NL=en_US
Command-line arguments:  -os win32 -ws win32 -arch x86

!ENTRY org.eclipse.egit.ui 2 0 2015-10-04 14:26:49.224
!MESSAGE Warning: The environment variable HOME is not set. The following directory will be used to store the Git
user global configuration and to define the default location to store repositories: 'C:\Users\IEUser'. If this is
not correct please set the HOME environment variable and restart Eclipse. Otherwise Git for Windows and
EGit might behave differently since they see different configuration options.
This warning can be switched off on the Team > Git > Confirmations and Warnings preference page.

!ENTRY org.eclipse.ui 4 0 2015-10-04 14:27:41.489
!MESSAGE Unhandled event loop exception
!STACK 0
org.eclipse.swt.SWTException: Widget is disposed
	at org.eclipse.swt.SWT.error(SWT.java:4491)
	at org.eclipse.swt.SWT.error(SWT.java:4406)
	at org.eclipse.swt.SWT.error(SWT.java:4377)
	at org.eclipse.swt.widgets.Widget.error(Widget.java:482)
	at org.eclipse.swt.widgets.Widget.checkWidget(Widget.java:354)
	at org.eclipse.swt.widgets.Text.getText(Text.java:1359)
	at org.eclipse.ui.internal.quickaccess.QuickAccessContents$4$1.run(QuickAccessContents.java:578)
	at org.eclipse.swt.widgets.Display.runTimer(Display.java:4281)
	at org.eclipse.swt.widgets.Display.messageProc(Display.java:3368)
	at org.eclipse.swt.internal.win32.OS.DispatchMessageW(Native Method)
	at org.eclipse.swt.internal.win32.OS.DispatchMessage(OS.java:2549)
	at org.eclipse.swt.widgets.Display.readAndDispatch(Display.java:3767)
	at org.eclipse.jface.window.Window.runEventLoop(Window.java:827)
	at org.eclipse.jface.window.Window.open(Window.java:803)
	at org.eclipse.ui.internal.dialogs.WorkbenchPreferenceDialog.open(WorkbenchPreferenceDialog.java:211)
	at org.python.pydev.ui.PyProjectPythonDetails$ProjectInterpreterAndGrammarConfig$2.widgetSelected(PyProjectPythonDetails.java:235)
	at org.eclipse.swt.widgets.TypedListener.handleEvent(TypedListener.java:248)
	at org.eclipse.swt.widgets.EventTable.sendEvent(EventTable.java:84)
	at org.eclipse.swt.widgets.Display.sendEvent(Display.java:4362)
	at org.eclipse.swt.widgets.Widget.sendEvent(Widget.java:1113)
	at org.eclipse.swt.widgets.Widget.sendEvent(Widget.java:1137)
	at org.eclipse.swt.widgets.Widget.sendSelectionEvent(Widget.java:1154)
	at org.eclipse.swt.widgets.Link.wmNotifyChild(Link.java:1093)
	at org.eclipse.swt.widgets.Control.wmNotify(Control.java:5690)
	at org.eclipse.swt.widgets.Composite.wmNotify(Composite.java:1956)
	at org.eclipse.swt.widgets.Control.WM_NOTIFY(Control.java:5242)
	at org.eclipse.swt.widgets.Control.windowProc(Control.java:4718)
	at org.eclipse.swt.widgets.Display.windowProc(Display.java:5063)
	at org.eclipse.swt.internal.win32.OS.CallWindowProcW(Native Method)
	at org.eclipse.swt.internal.win32.OS.CallWindowProc(OS.java:2443)
	at org.eclipse.swt.widgets.Link.callWindowProc(Link.java:172)
	at org.eclipse.swt.widgets.Widget.wmLButtonUp(Widget.java:2131)
	at org.eclipse.swt.widgets.Control.WM_LBUTTONUP(Control.java:5055)
	at org.eclipse.swt.widgets.Link.WM_LBUTTONUP(Link.java:929)
	at org.eclipse.swt.widgets.Control.windowProc(Control.java:4699)
	at org.eclipse.swt.widgets.Display.windowProc(Display.java:5063)
	at org.eclipse.swt.internal.win32.OS.DispatchMessageW(Native Method)
	at org.eclipse.swt.internal.win32.OS.DispatchMessage(OS.java:2549)
	at org.eclipse.swt.widgets.Display.readAndDispatch(Display.java:3767)
	at org.eclipse.jface.window.Window.runEventLoop(Window.java:827)
	at org.eclipse.jface.window.Window.open(Window.java:803)
	at org.eclipse.ui.actions.NewProjectAction.run(NewProjectAction.java:115)
	at org.eclipse.jface.action.Action.runWithEvent(Action.java:473)
	at org.eclipse.jface.action.ActionContributionItem.handleWidgetSelection(ActionContributionItem.java:595)
	at org.eclipse.jface.action.ActionContributionItem.access$2(ActionContributionItem.java:511)
	at org.eclipse.jface.action.ActionContributionItem$5.handleEvent(ActionContributionItem.java:420)
	at org.eclipse.swt.widgets.EventTable.sendEvent(EventTable.java:84)
	at org.eclipse.swt.widgets.Display.sendEvent(Display.java:4362)
	at org.eclipse.swt.widgets.Widget.sendEvent(Widget.java:1113)
	at org.eclipse.swt.widgets.Display.runDeferredEvents(Display.java:4180)
	at org.eclipse.swt.widgets.Display.readAndDispatch(Display.java:3769)
	at org.eclipse.e4.ui.internal.workbench.swt.PartRenderingEngine$4.run(PartRenderingEngine.java:1127)
	at org.eclipse.core.databinding.observable.Realm.runWithDefault(Realm.java:337)
	at org.eclipse.e4.ui.internal.workbench.swt.PartRenderingEngine.run(PartRenderingEngine.java:1018)
	at org.eclipse.e4.ui.internal.workbench.E4Workbench.createAndRunUI(E4Workbench.java:156)
	at org.eclipse.ui.internal.Workbench$5.run(Workbench.java:654)
	at org.eclipse.core.databinding.observable.Realm.runWithDefault(Realm.java:337)
	at org.eclipse.ui.internal.Workbench.createAndRunWorkbench(Workbench.java:598)
	at org.eclipse.ui.PlatformUI.createAndRunWorkbench(PlatformUI.java:150)
	at com.brainwy.liclipse.rcp.IDEApplication.start(IDEApplication.java:210)
	at org.eclipse.equinox.internal.app.EclipseAppHandle.run(EclipseAppHandle.java:196)
	at org.eclipse.core.runtime.internal.adaptor.EclipseAppLauncher.runApplication(EclipseAppLauncher.java:134)
	at org.eclipse.core.runtime.internal.adaptor.EclipseAppLauncher.start(EclipseAppLauncher.java:104)
	at org.eclipse.core.runtime.adaptor.EclipseStarter.run(EclipseStarter.java:380)
	at org.eclipse.core.runtime.adaptor.EclipseStarter.run(EclipseStarter.java:235)
	at sun.reflect.NativeMethodAccessorImpl.invoke0(Native Method)
	at sun.reflect.NativeMethodAccessorImpl.invoke(NativeMethodAccessorImpl.java:62)
	at sun.reflect.DelegatingMethodAccessorImpl.invoke(DelegatingMethodAccessorImpl.java:43)
	at java.lang.reflect.Method.invoke(Method.java:483)
	at org.eclipse.equinox.launcher.Main.invokeFramework(Main.java:669)
	at org.eclipse.equinox.launcher.Main.basicRun(Main.java:608)
	at org.eclipse.equinox.launcher.Main.run(Main.java:1515)

!ENTRY org.python.pydev.shared_core 1 1 2015-10-04 14:31:27.249
!MESSAGE Information about process of adding new interpreter:
- Opening dialog to request executable (or jar).
- Chosen interpreter (name and file):'Tuple [KivyPython -- C:\Kivy-1.8.0-py2.7-win32\Python27\python.exe]
- Ok, file is non-null. Getting info on:C:\Kivy-1.8.0-py2.7-win32\Python27\python.exe
- Beggining task:Getting libs totalWork:100
- Setting task name:Mounting executable string...
- Setting task name:Executing:  C:\Kivy-1.8.0-py2.7-win32\Python27\python.exe -u "C:\Program Files\Brainwy\LiClipse 2.3.0\plugins\org.python.pydev_4.3.0.201508181931\pysrc\interpreterInfo.py"
- Setting task name:Making pythonpath environment... C:\Kivy-1.8.0-py2.7-win32\Python27\python.exe -u "C:\Program Files\Brainwy\LiClipse 2.3.0\plugins\org.python.pydev_4.3.0.201508181931\pysrc\interpreterInfo.py"
- Setting task name:Making exec... C:\Kivy-1.8.0-py2.7-win32\Python27\python.exe -u "C:\Program Files\Brainwy\LiClipse 2.3.0\plugins\org.python.pydev_4.3.0.201508181931\pysrc\interpreterInfo.py"
- Setting task name:Reading output...
- Setting task name:Waiting for process to finish.
- Success getting the info. Result:<xml>
<name>KivyPython</name>
<version>2.7</version>
<executable>C:\Kivy-1.8.0-py2.7-win32\Python27\python.exe</executable>
<lib>C:\Kivy-1.8.0-py2.7-win32\Python27\lib\site-packages\setuptools-2.0.1-py2.7.egg</lib>
<lib>C:\Kivy-1.8.0-py2.7-win32\Python27\lib\site-packages\pywin32-218-py2.7-win32.egg</lib>
<lib>C:\Kivy-1.8.0-py2.7-win32\Python27\lib\site-packages\plyer-1.1.2-py2.7.egg</lib>
<lib>C:\Kivy-1.8.0-py2.7-win32\Python27\lib\site-packages\kivy_garden-0.1.1-py2.7.egg</lib>
<lib>C:\Kivy-1.8.0-py2.7-win32\Python27\lib\site-packages\requests-2.2.1-py2.7.egg</lib>
<lib>C:\Kivy-1.8.0-py2.7-win32\Python27\DLLs</lib>
<lib>C:\Kivy-1.8.0-py2.7-win32\Python27\lib</lib>
<lib>C:\Kivy-1.8.0-py2.7-win32\Python27\lib\lib-tk</lib>
<lib>C:\Kivy-1.8.0-py2.7-win32\Python27</lib>
<lib>C:\Kivy-1.8.0-py2.7-win32\Python27\lib\site-packages</lib>
<forced_lib>Image</forced_lib>
<forced_lib>OpenGL</forced_lib>
<forced_lib>__builtin__</forced_lib>
<forced_lib>__main__</forced_lib>
<forced_lib>_ast</forced_lib>
<forced_lib>_bisect</forced_lib>
<forced_lib>_bytesio</forced_lib>
<forced_lib>_codecs</forced_lib>
<forced_lib>_codecs_cn</forced_lib>
<forced_lib>_codecs_hk</forced_lib>
<forced_lib>_codecs_iso2022</forced_lib>
<forced_lib>_codecs_jp</forced_lib>
<forced_lib>_codecs_kr</forced_lib>
<forced_lib>_codecs_tw</forced_lib>
<forced_lib>_collections</forced_lib>
<forced_lib>_csv</forced_lib>
<forced_lib>_fileio</forced_lib>
<forced_lib>_functools</forced_lib>
<forced_lib>_heapq</forced_lib>
<forced_lib>_hotshot</forced_lib>
<forced_lib>_io</forced_lib>
<forced_lib>_json</forced_lib>
<forced_lib>_locale</forced_lib>
<forced_lib>_lsprof</forced_lib>
<forced_lib>_md5</forced_lib>
<forced_lib>_multibytecodec</forced_lib>
<forced_lib>_random</forced_lib>
<forced_lib>_sha</forced_lib>
<forced_lib>_sha256</forced_lib>
<forced_lib>_sha512</forced_lib>
<forced_lib>_sre</forced_lib>
<forced_lib>_struct</forced_lib>
<forced_lib>_subprocess</forced_lib>
<forced_lib>_symtable</forced_lib>
<forced_lib>_warnings</forced_lib>
<forced_lib>_weakref</forced_lib>
<forced_lib>_winreg</forced_lib>
<forced_lib>array</forced_lib>
<forced_lib>audioop</forced_lib>
<forced_lib>binascii</forced_lib>
<forced_lib>cPickle</forced_lib>
<forced_lib>cStringIO</forced_lib>
<forced_lib>cmath</forced_lib>
<forced_lib>datetime</forced_lib>
<forced_lib>email</forced_lib>
<forced_lib>errno</forced_lib>
<forced_lib>exceptions</forced_lib>
<forced_lib>future_builtins</forced_lib>
<forced_lib>gc</forced_lib>
<forced_lib>hashlib</forced_lib>
<forced_lib>imageop</forced_lib>
<forced_lib>imp</forced_lib>
<forced_lib>itertools</forced_lib>
<forced_lib>marshal</forced_lib>
<forced_lib>math</forced_lib>
<forced_lib>mmap</forced_lib>
<forced_lib>msvcrt</forced_lib>
<forced_lib>nose</forced_lib>
<forced_lib>nose.tools</forced_lib>
<forced_lib>nt</forced_lib>
<forced_lib>numpy</forced_lib>
<forced_lib>operator</forced_lib>
<forced_lib>os</forced_lib>
<forced_lib>os.path</forced_lib>
<forced_lib>parser</forced_lib>
<forced_lib>pytest</forced_lib>
<forced_lib>scipy</forced_lib>
<forced_lib>signal</forced_lib>
<forced_lib>socket</forced_lib>
<forced_lib>strop</forced_lib>
<forced_lib>sys</forced_lib>
<forced_lib>thread</forced_lib>
<forced_lib>time</forced_lib>
<forced_lib>wx</forced_lib>
<forced_lib>wxPython</forced_lib>
<forced_lib>xxsubtype</forced_lib>
<forced_lib>zipimport</forced_lib>
<forced_lib>zlib</forced_lib>
</xml>

!STACK 0
java.lang.RuntimeException: Information about process of adding new interpreter:
- Opening dialog to request executable (or jar).
- Chosen interpreter (name and file):'Tuple [KivyPython -- C:\Kivy-1.8.0-py2.7-win32\Python27\python.exe]
- Ok, file is non-null. Getting info on:C:\Kivy-1.8.0-py2.7-win32\Python27\python.exe
- Beggining task:Getting libs totalWork:100
- Setting task name:Mounting executable string...
- Setting task name:Executing:  C:\Kivy-1.8.0-py2.7-win32\Python27\python.exe -u "C:\Program Files\Brainwy\LiClipse 2.3.0\plugins\org.python.pydev_4.3.0.201508181931\pysrc\interpreterInfo.py"
- Setting task name:Making pythonpath environment... C:\Kivy-1.8.0-py2.7-win32\Python27\python.exe -u "C:\Program Files\Brainwy\LiClipse 2.3.0\plugins\org.python.pydev_4.3.0.201508181931\pysrc\interpreterInfo.py"
- Setting task name:Making exec... C:\Kivy-1.8.0-py2.7-win32\Python27\python.exe -u "C:\Program Files\Brainwy\LiClipse 2.3.0\plugins\org.python.pydev_4.3.0.201508181931\pysrc\interpreterInfo.py"
- Setting task name:Reading output...
- Setting task name:Waiting for process to finish.
- Success getting the info. Result:<xml>
<name>KivyPython</name>
<version>2.7</version>
<executable>C:\Kivy-1.8.0-py2.7-win32\Python27\python.exe</executable>
<lib>C:\Kivy-1.8.0-py2.7-win32\Python27\lib\site-packages\setuptools-2.0.1-py2.7.egg</lib>
<lib>C:\Kivy-1.8.0-py2.7-win32\Python27\lib\site-packages\pywin32-218-py2.7-win32.egg</lib>
<lib>C:\Kivy-1.8.0-py2.7-win32\Python27\lib\site-packages\plyer-1.1.2-py2.7.egg</lib>
<lib>C:\Kivy-1.8.0-py2.7-win32\Python27\lib\site-packages\kivy_garden-0.1.1-py2.7.egg</lib>
<lib>C:\Kivy-1.8.0-py2.7-win32\Python27\lib\site-packages\requests-2.2.1-py2.7.egg</lib>
<lib>C:\Kivy-1.8.0-py2.7-win32\Python27\DLLs</lib>
<lib>C:\Kivy-1.8.0-py2.7-win32\Python27\lib</lib>
<lib>C:\Kivy-1.8.0-py2.7-win32\Python27\lib\lib-tk</lib>
<lib>C:\Kivy-1.8.0-py2.7-win32\Python27</lib>
<lib>C:\Kivy-1.8.0-py2.7-win32\Python27\lib\site-packages</lib>
<forced_lib>Image</forced_lib>
<forced_lib>OpenGL</forced_lib>
<forced_lib>__builtin__</forced_lib>
<forced_lib>__main__</forced_lib>
<forced_lib>_ast</forced_lib>
<forced_lib>_bisect</forced_lib>
<forced_lib>_bytesio</forced_lib>
<forced_lib>_codecs</forced_lib>
<forced_lib>_codecs_cn</forced_lib>
<forced_lib>_codecs_hk</forced_lib>
<forced_lib>_codecs_iso2022</forced_lib>
<forced_lib>_codecs_jp</forced_lib>
<forced_lib>_codecs_kr</forced_lib>
<forced_lib>_codecs_tw</forced_lib>
<forced_lib>_collections</forced_lib>
<forced_lib>_csv</forced_lib>
<forced_lib>_fileio</forced_lib>
<forced_lib>_functools</forced_lib>
<forced_lib>_heapq</forced_lib>
<forced_lib>_hotshot</forced_lib>
<forced_lib>_io</forced_lib>
<forced_lib>_json</forced_lib>
<forced_lib>_locale</forced_lib>
<forced_lib>_lsprof</forced_lib>
<forced_lib>_md5</forced_lib>
<forced_lib>_multibytecodec</forced_lib>
<forced_lib>_random</forced_lib>
<forced_lib>_sha</forced_lib>
<forced_lib>_sha256</forced_lib>
<forced_lib>_sha512</forced_lib>
<forced_lib>_sre</forced_lib>
<forced_lib>_struct</forced_lib>
<forced_lib>_subprocess</forced_lib>
<forced_lib>_symtable</forced_lib>
<forced_lib>_warnings</forced_lib>
<forced_lib>_weakref</forced_lib>
<forced_lib>_winreg</forced_lib>
<forced_lib>array</forced_lib>
<forced_lib>audioop</forced_lib>
<forced_lib>binascii</forced_lib>
<forced_lib>cPickle</forced_lib>
<forced_lib>cStringIO</forced_lib>
<forced_lib>cmath</forced_lib>
<forced_lib>datetime</forced_lib>
<forced_lib>email</forced_lib>
<forced_lib>errno</forced_lib>
<forced_lib>exceptions</forced_lib>
<forced_lib>future_builtins</forced_lib>
<forced_lib>gc</forced_lib>
<forced_lib>hashlib</forced_lib>
<forced_lib>imageop</forced_lib>
<forced_lib>imp</forced_lib>
<forced_lib>itertools</forced_lib>
<forced_lib>marshal</forced_lib>
<forced_lib>math</forced_lib>
<forced_lib>mmap</forced_lib>
<forced_lib>msvcrt</forced_lib>
<forced_lib>nose</forced_lib>
<forced_lib>nose.tools</forced_lib>
<forced_lib>nt</forced_lib>
<forced_lib>numpy</forced_lib>
<forced_lib>operator</forced_lib>
<forced_lib>os</forced_lib>
<forced_lib>os.path</forced_lib>
<forced_lib>parser</forced_lib>
<forced_lib>pytest</forced_lib>
<forced_lib>scipy</forced_lib>
<forced_lib>signal</forced_lib>
<forced_lib>socket</forced_lib>
<forced_lib>strop</forced_lib>
<forced_lib>sys</forced_lib>
<forced_lib>thread</forced_lib>
<forced_lib>time</forced_lib>
<forced_lib>wx</forced_lib>
<forced_lib>wxPython</forced_lib>
<forced_lib>xxsubtype</forced_lib>
<forced_lib>zipimport</forced_lib>
<forced_lib>zlib</forced_lib>
</xml>

	at org.python.pydev.core.log.Log.logInfo(Log.java:66)
	at org.python.pydev.ui.pythonpathconf.AbstractInterpreterEditor.getNewInputObject(AbstractInterpreterEditor.java:977)
	at org.python.copiedfromeclipsesrc.PythonListEditor.addPressed(PythonListEditor.java:132)
	at org.python.copiedfromeclipsesrc.PythonListEditor$1.widgetSelected(PythonListEditor.java:223)
	at org.eclipse.swt.widgets.TypedListener.handleEvent(TypedListener.java:248)
	at org.eclipse.swt.widgets.EventTable.sendEvent(EventTable.java:84)
	at org.eclipse.swt.widgets.Display.sendEvent(Display.java:4362)
	at org.eclipse.swt.widgets.Widget.sendEvent(Widget.java:1113)
	at org.eclipse.swt.widgets.Display.runDeferredEvents(Display.java:4180)
	at org.eclipse.swt.widgets.Display.readAndDispatch(Display.java:3769)
	at org.eclipse.jface.window.Window.runEventLoop(Window.java:827)
	at org.eclipse.jface.window.Window.open(Window.java:803)
	at org.eclipse.ui.internal.dialogs.WorkbenchPreferenceDialog.open(WorkbenchPreferenceDialog.java:211)
	at org.python.pydev.ui.PyProjectPythonDetails$ProjectInterpreterAndGrammarConfig$2.widgetSelected(PyProjectPythonDetails.java:235)
	at org.eclipse.swt.widgets.TypedListener.handleEvent(TypedListener.java:248)
	at org.eclipse.swt.widgets.EventTable.sendEvent(EventTable.java:84)
	at org.eclipse.swt.widgets.Display.sendEvent(Display.java:4362)
	at org.eclipse.swt.widgets.Widget.sendEvent(Widget.java:1113)
	at org.eclipse.swt.widgets.Widget.sendEvent(Widget.java:1137)
	at org.eclipse.swt.widgets.Widget.sendSelectionEvent(Widget.java:1154)
	at org.eclipse.swt.widgets.Link.wmNotifyChild(Link.java:1093)
	at org.eclipse.swt.widgets.Control.wmNotify(Control.java:5690)
	at org.eclipse.swt.widgets.Composite.wmNotify(Composite.java:1956)
	at org.eclipse.swt.widgets.Control.WM_NOTIFY(Control.java:5242)
	at org.eclipse.swt.widgets.Control.windowProc(Control.java:4718)
	at org.eclipse.swt.widgets.Display.windowProc(Display.java:5063)
	at org.eclipse.swt.internal.win32.OS.CallWindowProcW(Native Method)
	at org.eclipse.swt.internal.win32.OS.CallWindowProc(OS.java:2443)
	at org.eclipse.swt.widgets.Link.callWindowProc(Link.java:172)
	at org.eclipse.swt.widgets.Widget.wmLButtonUp(Widget.java:2131)
	at org.eclipse.swt.widgets.Control.WM_LBUTTONUP(Control.java:5055)
	at org.eclipse.swt.widgets.Link.WM_LBUTTONUP(Link.java:929)
	at org.eclipse.swt.widgets.Control.windowProc(Control.java:4699)
	at org.eclipse.swt.widgets.Display.windowProc(Display.java:5063)
	at org.eclipse.swt.internal.win32.OS.DispatchMessageW(Native Method)
	at org.eclipse.swt.internal.win32.OS.DispatchMessage(OS.java:2549)
	at org.eclipse.swt.widgets.Display.readAndDispatch(Display.java:3767)
	at org.eclipse.jface.window.Window.runEventLoop(Window.java:827)
	at org.eclipse.jface.window.Window.open(Window.java:803)
	at org.eclipse.ui.actions.NewProjectAction.run(NewProjectAction.java:115)
	at org.eclipse.jface.action.Action.runWithEvent(Action.java:473)
	at org.eclipse.jface.action.ActionContributionItem.handleWidgetSelection(ActionContributionItem.java:595)
	at org.eclipse.jface.action.ActionContributionItem.access$2(ActionContributionItem.java:511)
	at org.eclipse.jface.action.ActionContributionItem$5.handleEvent(ActionContributionItem.java:420)
	at org.eclipse.swt.widgets.EventTable.sendEvent(EventTable.java:84)
	at org.eclipse.swt.widgets.Display.sendEvent(Display.java:4362)
	at org.eclipse.swt.widgets.Widget.sendEvent(Widget.java:1113)
	at org.eclipse.swt.widgets.Display.runDeferredEvents(Display.java:4180)
	at org.eclipse.swt.widgets.Display.readAndDispatch(Display.java:3769)
	at org.eclipse.e4.ui.internal.workbench.swt.PartRenderingEngine$4.run(PartRenderingEngine.java:1127)
	at org.eclipse.core.databinding.observable.Realm.runWithDefault(Realm.java:337)
	at org.eclipse.e4.ui.internal.workbench.swt.PartRenderingEngine.run(PartRenderingEngine.java:1018)
	at org.eclipse.e4.ui.internal.workbench.E4Workbench.createAndRunUI(E4Workbench.java:156)
	at org.eclipse.ui.internal.Workbench$5.run(Workbench.java:654)
	at org.eclipse.core.databinding.observable.Realm.runWithDefault(Realm.java:337)
	at org.eclipse.ui.internal.Workbench.createAndRunWorkbench(Workbench.java:598)
	at org.eclipse.ui.PlatformUI.createAndRunWorkbench(PlatformUI.java:150)
	at com.brainwy.liclipse.rcp.IDEApplication.start(IDEApplication.java:210)
	at org.eclipse.equinox.internal.app.EclipseAppHandle.run(EclipseAppHandle.java:196)
	at org.eclipse.core.runtime.internal.adaptor.EclipseAppLauncher.runApplication(EclipseAppLauncher.java:134)
	at org.eclipse.core.runtime.internal.adaptor.EclipseAppLauncher.start(EclipseAppLauncher.java:104)
	at org.eclipse.core.runtime.adaptor.EclipseStarter.run(EclipseStarter.java:380)
	at org.eclipse.core.runtime.adaptor.EclipseStarter.run(EclipseStarter.java:235)
	at sun.reflect.NativeMethodAccessorImpl.invoke0(Native Method)
	at sun.reflect.NativeMethodAccessorImpl.invoke(NativeMethodAccessorImpl.java:62)
	at sun.reflect.DelegatingMethodAccessorImpl.invoke(DelegatingMethodAccessorImpl.java:43)
	at java.lang.reflect.Method.invoke(Method.java:483)
	at org.eclipse.equinox.launcher.Main.invokeFramework(Main.java:669)
	at org.eclipse.equinox.launcher.Main.basicRun(Main.java:608)
	at org.eclipse.equinox.launcher.Main.run(Main.java:1515)

!ENTRY org.python.pydev.shared_core 1 1 2015-10-04 14:32:06.961
!MESSAGE Restoring info for: C:\Kivy-1.8.0-py2.7-win32\Python27\python.exe
!STACK 0
java.lang.RuntimeException: Restoring info for: C:\Kivy-1.8.0-py2.7-win32\Python27\python.exe
	at org.python.pydev.ui.interpreters.AbstractInterpreterManager.getInterpretersFromPersistedString(AbstractInterpreterManager.java:517)
	at org.python.pydev.ui.interpreters.AbstractInterpreterManager.internalRecreateCacheGetInterpreterInfos(AbstractInterpreterManager.java:337)
	at org.python.pydev.ui.interpreters.AbstractInterpreterManager.setInfos(AbstractInterpreterManager.java:641)
	at org.python.pydev.ui.pythonpathconf.AbstractInterpreterPreferencesPage$5.run(AbstractInterpreterPreferencesPage.java:277)
	at org.eclipse.jface.operation.ModalContext$ModalContextThread.run(ModalContext.java:119)
Caused by: java.io.IOException: Expecting: C:\Users\IEUser\My Documents\LiClipse Workspace\.metadata\.plugins\org.python.pydev\v1_7mhpyzdvev53z6z6xqoit3s\modulesKeys to exist (and be a file).
	at org.python.pydev.editor.codecompletion.revisited.ModulesManager.loadFromFile(ModulesManager.java:289)
	at org.python.pydev.editor.codecompletion.revisited.SystemModulesManager.load(SystemModulesManager.java:371)
	at org.python.pydev.ui.interpreters.AbstractInterpreterManager.getInterpretersFromPersistedString(AbstractInterpreterManager.java:515)
	... 4 more

!ENTRY org.python.pydev.shared_core 1 1 2015-10-04 14:32:10.141
!MESSAGE Finished restoring information for: C:\Kivy-1.8.0-py2.7-win32\Python27\python.exe at: C:\Users\IEUser\My Documents\LiClipse Workspace\.metadata\.plugins\org.python.pydev\v1_7mhpyzdvev53z6z6xqoit3s
!STACK 0
java.lang.RuntimeException: Finished restoring information for: C:\Kivy-1.8.0-py2.7-win32\Python27\python.exe at: C:\Users\IEUser\My Documents\LiClipse Workspace\.metadata\.plugins\org.python.pydev\v1_7mhpyzdvev53z6z6xqoit3s
	at org.python.pydev.core.log.Log.logInfo(Log.java:66)
	at org.python.pydev.ui.interpreters.AbstractInterpreterManager.getInterpretersFromPersistedString(AbstractInterpreterManager.java:562)
	at org.python.pydev.ui.interpreters.AbstractInterpreterManager.internalRecreateCacheGetInterpreterInfos(AbstractInterpreterManager.java:337)
	at org.python.pydev.ui.interpreters.AbstractInterpreterManager.setInfos(AbstractInterpreterManager.java:641)
	at org.python.pydev.ui.pythonpathconf.AbstractInterpreterPreferencesPage$5.run(AbstractInterpreterPreferencesPage.java:277)
	at org.eclipse.jface.operation.ModalContext$ModalContextThread.run(ModalContext.java:119)

!ENTRY org.python.pydev.shared_core 4 4 2015-10-04 14:32:17.010
!MESSAGE Info: Rebuilding internal caches: C:\Users\IEUser\My Documents\LiClipse Workspace\.metadata\.plugins\com.python.pydev.analysis\python_v1_7mhpyzdvev53z6z6xqoit3s\python.pydevsysteminfo (Expected error to be provided and got no error!)

!ENTRY org.python.pydev.shared_core 4 4 2015-10-04 14:34:35.305
!MESSAGE Info: Rebuilding internal caches: C:\Users\IEUser\My Documents\LiClipse Workspace\.metadata\.plugins\org.eclipse.core.resources\.projects\TacBF Launcher\com.python.pydev.analysis\AdditionalProjectInterpreterInfo.pydevinfo (Expected error to be provided and got no error!)
!SESSION 2016-06-26 13:53:14.259 -----------------------------------------------
eclipse.buildId=unknown
java.version=1.8.0_77
java.vendor=Oracle Corporation
BootLoader constants: OS=win32, ARCH=x86, WS=win32, NL=en_US
Command-line arguments:  -os win32 -ws win32 -arch x86

!ENTRY org.eclipse.egit.ui 2 0 2016-06-26 13:53:28.166
!MESSAGE Warning: The environment variable HOME is not set. The following directory will be used to store the Git
user global configuration and to define the default location to store repositories: 'C:\Users\IEUser'. If this is
not correct please set the HOME environment variable and restart Eclipse. Otherwise Git for Windows and
EGit might behave differently since they see different configuration options.
This warning can be switched off on the Team > Git > Confirmations and Warnings preference page.

!ENTRY org.python.pydev.shared_core 4 4 2016-06-26 13:53:28.584
!MESSAGE The module __future__ could not be found nor created!
!STACK 0
java.lang.RuntimeException: The module __future__ could not be found nor created!
	at org.python.pydev.core.log.Log.log(Log.java:54)
	at org.python.pydev.editor.codecompletion.revisited.ModulesManager.getModule(ModulesManager.java:973)
	at org.python.pydev.editor.codecompletion.revisited.ModulesManager.getModule(ModulesManager.java:787)
	at org.python.pydev.editor.codecompletion.revisited.SystemModulesManager.getModuleWithoutBuiltins(SystemModulesManager.java:370)
	at org.python.pydev.editor.codecompletion.revisited.ProjectModulesManager.getModuleAndRelatedModulesManager(ProjectModulesManager.java:219)
	at org.python.pydev.editor.codecompletion.revisited.ProjectModulesManager.getModule(ProjectModulesManager.java:180)
	at org.python.pydev.editor.codecompletion.revisited.ProjectModulesManager.getModule(ProjectModulesManager.java:164)
	at org.python.pydev.editor.codecompletion.revisited.AbstractASTManager.getModule(AbstractASTManager.java:476)
	at org.python.pydev.editor.codecompletion.revisited.AbstractASTManager.findModuleFromPath(AbstractASTManager.java:2157)
	at org.python.pydev.editor.codecompletion.revisited.AbstractASTManager.findOnImportedMods(AbstractASTManager.java:2024)
	at org.python.pydev.editor.codecompletion.revisited.AbstractASTManager.findOnImportedMods(AbstractASTManager.java:1919)
	at com.python.pydev.analysis.visitors.ImportChecker.visitImportToken(ImportChecker.java:186)
	at com.python.pydev.analysis.visitors.ImportChecker.visitImportToken(ImportChecker.java:167)
	at com.python.pydev.analysis.visitors.Scope.addImportTokens(Scope.java:173)
	at com.python.pydev.analysis.scopeanalysis.AbstractScopeAnalyzerVisitor.visitImportFrom(AbstractScopeAnalyzerVisitor.java:581)
	at org.python.pydev.parser.jython.ast.ImportFrom.accept(ImportFrom.java:105)
	at org.python.pydev.parser.jython.ast.Module.traverse(Module.java:93)
	at com.python.pydev.analysis.scopeanalysis.AbstractScopeAnalyzerVisitor.traverse(AbstractScopeAnalyzerVisitor.java:193)
	at com.python.pydev.analysis.visitors.OccurrencesVisitor.traverse(OccurrencesVisitor.java:263)
	at org.python.pydev.parser.jython.ast.VisitorBase.visitModule(VisitorBase.java:11)
	at org.python.pydev.parser.jython.ast.Module.accept(Module.java:85)
	at com.python.pydev.analysis.OccurrencesAnalyzer.analyzeDocument(OccurrencesAnalyzer.java:56)
	at com.python.pydev.analysis.builder.AnalysisBuilderRunnable.doAnalysis(AnalysisBuilderRunnable.java:251)
	at com.python.pydev.analysis.builder.AbstractAnalysisBuilderRunnable.run(AbstractAnalysisBuilderRunnable.java:162)
	at org.python.pydev.core.concurrency.RunnableAsJobsPoolThread$1.run(RunnableAsJobsPoolThread.java:140)
	at org.eclipse.core.internal.jobs.Worker.run(Worker.java:55)

!ENTRY org.python.pydev.shared_core 4 4 2016-06-26 13:53:28.603
!MESSAGE The module multiprocessing.__init__ could not be found nor created!
!STACK 0
java.lang.RuntimeException: The module multiprocessing.__init__ could not be found nor created!
	at org.python.pydev.core.log.Log.log(Log.java:54)
	at org.python.pydev.editor.codecompletion.revisited.ModulesManager.getModule(ModulesManager.java:973)
	at org.python.pydev.editor.codecompletion.revisited.ModulesManager.getModule(ModulesManager.java:787)
	at org.python.pydev.editor.codecompletion.revisited.SystemModulesManager.getModuleWithoutBuiltins(SystemModulesManager.java:370)
	at org.python.pydev.editor.codecompletion.revisited.ProjectModulesManager.getModuleAndRelatedModulesManager(ProjectModulesManager.java:219)
	at org.python.pydev.editor.codecompletion.revisited.ProjectModulesManager.getModule(ProjectModulesManager.java:180)
	at org.python.pydev.editor.codecompletion.revisited.ProjectModulesManager.getModule(ProjectModulesManager.java:164)
	at org.python.pydev.editor.codecompletion.revisited.AbstractASTManager.getModule(AbstractASTManager.java:476)
	at org.python.pydev.editor.codecompletion.revisited.AbstractASTManager.findModuleFromPath(AbstractASTManager.java:2150)
	at org.python.pydev.editor.codecompletion.revisited.AbstractASTManager.findOnImportedMods(AbstractASTManager.java:2041)
	at org.python.pydev.editor.codecompletion.revisited.AbstractASTManager.findOnImportedMods(AbstractASTManager.java:1919)
	at com.python.pydev.analysis.visitors.ImportChecker.visitImportToken(ImportChecker.java:186)
	at com.python.pydev.analysis.visitors.ImportChecker.visitImportToken(ImportChecker.java:167)
	at com.python.pydev.analysis.visitors.Scope.addImportTokens(Scope.java:173)
	at com.python.pydev.analysis.scopeanalysis.AbstractScopeAnalyzerVisitor.visitImport(AbstractScopeAnalyzerVisitor.java:556)
	at org.python.pydev.parser.jython.ast.Import.accept(Import.java:85)
	at org.python.pydev.parser.jython.ast.TryExcept.traverse(TryExcept.java:123)
	at com.python.pydev.analysis.scopeanalysis.AbstractScopeAnalyzerVisitor.traverse(AbstractScopeAnalyzerVisitor.java:193)
	at com.python.pydev.analysis.visitors.OccurrencesVisitor.traverse(OccurrencesVisitor.java:263)
	at org.python.pydev.parser.jython.ast.VisitorBase.visitTryExcept(VisitorBase.java:137)
	at com.python.pydev.analysis.scopeanalysis.AbstractScopeAnalyzerVisitor.visitTryExcept(AbstractScopeAnalyzerVisitor.java:882)
	at org.python.pydev.parser.jython.ast.TryExcept.accept(TryExcept.java:115)
	at org.python.pydev.parser.jython.ast.Module.traverse(Module.java:93)
	at com.python.pydev.analysis.scopeanalysis.AbstractScopeAnalyzerVisitor.traverse(AbstractScopeAnalyzerVisitor.java:193)
	at com.python.pydev.analysis.visitors.OccurrencesVisitor.traverse(OccurrencesVisitor.java:263)
	at org.python.pydev.parser.jython.ast.VisitorBase.visitModule(VisitorBase.java:11)
	at org.python.pydev.parser.jython.ast.Module.accept(Module.java:85)
	at com.python.pydev.analysis.OccurrencesAnalyzer.analyzeDocument(OccurrencesAnalyzer.java:56)
	at com.python.pydev.analysis.builder.AnalysisBuilderRunnable.doAnalysis(AnalysisBuilderRunnable.java:251)
	at com.python.pydev.analysis.builder.AbstractAnalysisBuilderRunnable.run(AbstractAnalysisBuilderRunnable.java:162)
	at org.python.pydev.core.concurrency.RunnableAsJobsPoolThread$1.run(RunnableAsJobsPoolThread.java:140)
	at org.eclipse.core.internal.jobs.Worker.run(Worker.java:55)

!ENTRY org.python.pydev.shared_core 4 4 2016-06-26 13:53:28.613
!MESSAGE Cannot run program "C:\Kivy-1.8.0-py2.7-win32\Python27\python.exe" (in directory "C:\Program Files\Brainwy\LiClipse 3.0.3\plugins\org.python.pydev_5.0.0.201605191001\pysrc"): CreateProcess error=2, The system cannot find the file specified
!STACK 0
java.io.IOException: Cannot run program "C:\Kivy-1.8.0-py2.7-win32\Python27\python.exe" (in directory "C:\Program Files\Brainwy\LiClipse 3.0.3\plugins\org.python.pydev_5.0.0.201605191001\pysrc"): CreateProcess error=2, The system cannot find the file specified
	at java.lang.ProcessBuilder.start(ProcessBuilder.java:1048)
	at java.lang.Runtime.exec(Runtime.java:620)
	at org.python.pydev.shared_core.process.ProcessUtils.createProcess(ProcessUtils.java:103)
	at org.python.pydev.runners.SimpleRunner.createProcess(SimpleRunner.java:51)
	at org.python.pydev.editor.codecompletion.shell.PythonShell.createServerProcess(PythonShell.java:63)
	at org.python.pydev.editor.codecompletion.shell.AbstractShell.startIt(AbstractShell.java:281)
	at org.python.pydev.editor.codecompletion.shell.ShellsContainer.getServerShell(ShellsContainer.java:232)
	at org.python.pydev.editor.codecompletion.shell.ShellsContainer.getServerShell(ShellsContainer.java:165)
	at org.python.pydev.editor.codecompletion.shell.AbstractShell.getServerShell(AbstractShell.java:222)
	at org.python.pydev.editor.codecompletion.revisited.modules.CompiledModule.createTokensFromServer(CompiledModule.java:362)
	at org.python.pydev.editor.codecompletion.revisited.modules.CompiledModule.<init>(CompiledModule.java:168)
	at org.python.pydev.editor.codecompletion.revisited.SystemModulesManager.getBuiltinModule(SystemModulesManager.java:308)
	at org.python.pydev.editor.codecompletion.revisited.SystemModulesManager.getBuiltinModule(SystemModulesManager.java:1)
	at org.python.pydev.editor.codecompletion.revisited.ProjectModulesManager.getModuleAndRelatedModulesManager(ProjectModulesManager.java:201)
	at org.python.pydev.editor.codecompletion.revisited.ProjectModulesManager.getModule(ProjectModulesManager.java:180)
	at org.python.pydev.editor.codecompletion.revisited.ProjectModulesManager.getModule(ProjectModulesManager.java:164)
	at org.python.pydev.editor.codecompletion.revisited.AbstractASTManager.getModule(AbstractASTManager.java:476)
	at org.python.pydev.editor.codecompletion.revisited.AbstractASTManager.findModuleFromPath(AbstractASTManager.java:2150)
	at org.python.pydev.editor.codecompletion.revisited.AbstractASTManager.findOnImportedMods(AbstractASTManager.java:2024)
	at org.python.pydev.editor.codecompletion.revisited.AbstractASTManager.findOnImportedMods(AbstractASTManager.java:1919)
	at com.python.pydev.analysis.visitors.ImportChecker.visitImportToken(ImportChecker.java:186)
	at com.python.pydev.analysis.visitors.ImportChecker.visitImportToken(ImportChecker.java:167)
	at com.python.pydev.analysis.visitors.Scope.addImportTokens(Scope.java:173)
	at com.python.pydev.analysis.scopeanalysis.AbstractScopeAnalyzerVisitor.visitImportFrom(AbstractScopeAnalyzerVisitor.java:581)
	at org.python.pydev.parser.jython.ast.ImportFrom.accept(ImportFrom.java:105)
	at com.python.pydev.analysis.visitors.OccurrencesVisitor.traverse(OccurrencesVisitor.java:128)
	at com.python.pydev.analysis.visitors.OccurrencesVisitor.traverse(OccurrencesVisitor.java:257)
	at org.python.pydev.parser.jython.ast.VisitorBase.visitIf(VisitorBase.java:116)
	at com.python.pydev.analysis.scopeanalysis.AbstractScopeAnalyzerVisitor.visitIf(AbstractScopeAnalyzerVisitor.java:863)
	at org.python.pydev.parser.jython.ast.If.accept(If.java:108)
	at org.python.pydev.parser.jython.ast.TryExcept.traverse(TryExcept.java:123)
	at com.python.pydev.analysis.scopeanalysis.AbstractScopeAnalyzerVisitor.traverse(AbstractScopeAnalyzerVisitor.java:193)
	at com.python.pydev.analysis.visitors.OccurrencesVisitor.traverse(OccurrencesVisitor.java:263)
	at org.python.pydev.parser.jython.ast.VisitorBase.visitTryExcept(VisitorBase.java:137)
	at com.python.pydev.analysis.scopeanalysis.AbstractScopeAnalyzerVisitor.visitTryExcept(AbstractScopeAnalyzerVisitor.java:882)
	at org.python.pydev.parser.jython.ast.TryExcept.accept(TryExcept.java:115)
	at org.python.pydev.parser.jython.ast.Module.traverse(Module.java:93)
	at com.python.pydev.analysis.scopeanalysis.AbstractScopeAnalyzerVisitor.traverse(AbstractScopeAnalyzerVisitor.java:193)
	at com.python.pydev.analysis.visitors.OccurrencesVisitor.traverse(OccurrencesVisitor.java:263)
	at org.python.pydev.parser.jython.ast.VisitorBase.visitModule(VisitorBase.java:11)
	at org.python.pydev.parser.jython.ast.Module.accept(Module.java:85)
	at com.python.pydev.analysis.OccurrencesAnalyzer.analyzeDocument(OccurrencesAnalyzer.java:56)
	at com.python.pydev.analysis.builder.AnalysisBuilderRunnable.doAnalysis(AnalysisBuilderRunnable.java:251)
	at com.python.pydev.analysis.builder.AbstractAnalysisBuilderRunnable.run(AbstractAnalysisBuilderRunnable.java:162)
	at org.python.pydev.core.concurrency.RunnableAsJobsPoolThread$1.run(RunnableAsJobsPoolThread.java:140)
	at org.eclipse.core.internal.jobs.Worker.run(Worker.java:55)
Caused by: java.io.IOException: CreateProcess error=2, The system cannot find the file specified
	at java.lang.ProcessImpl.create(Native Method)
	at java.lang.ProcessImpl.<init>(ProcessImpl.java:386)
	at java.lang.ProcessImpl.start(ProcessImpl.java:137)
	at java.lang.ProcessBuilder.start(ProcessBuilder.java:1029)
	... 45 more

!ENTRY org.python.pydev.shared_core 4 4 2016-06-26 13:53:28.788
!MESSAGE Error while getting info for module:kivy.__init__. Project: P/TacBF Launcher
!STACK 0
java.io.IOException: Cannot run program "C:\Kivy-1.8.0-py2.7-win32\Python27\python.exe" (in directory "C:\Program Files\Brainwy\LiClipse 3.0.3\plugins\org.python.pydev_5.0.0.201605191001\pysrc"): CreateProcess error=2, The system cannot find the file specified
	at java.lang.ProcessBuilder.start(ProcessBuilder.java:1048)
	at java.lang.Runtime.exec(Runtime.java:620)
	at org.python.pydev.shared_core.process.ProcessUtils.createProcess(ProcessUtils.java:103)
	at org.python.pydev.runners.SimpleRunner.createProcess(SimpleRunner.java:51)
	at org.python.pydev.editor.codecompletion.shell.PythonShell.createServerProcess(PythonShell.java:63)
	at org.python.pydev.editor.codecompletion.shell.AbstractShell.startIt(AbstractShell.java:281)
	at org.python.pydev.editor.codecompletion.shell.ShellsContainer.getServerShell(ShellsContainer.java:232)
	at org.python.pydev.editor.codecompletion.shell.ShellsContainer.getServerShell(ShellsContainer.java:165)
	at org.python.pydev.editor.codecompletion.shell.AbstractShell.getServerShell(AbstractShell.java:222)
	at org.python.pydev.editor.codecompletion.revisited.modules.CompiledModule.createInnerFromServer(CompiledModule.java:331)
	at org.python.pydev.editor.codecompletion.revisited.modules.CompiledModule.getGlobalTokens(CompiledModule.java:532)
	at org.python.pydev.editor.codecompletion.revisited.AbstractASTManager.internalGenerateGetCompletionsForModule(AbstractASTManager.java:747)
	at org.python.pydev.editor.codecompletion.revisited.AbstractASTManager.getCompletionsForModule(AbstractASTManager.java:572)
	at org.python.pydev.editor.codecompletion.revisited.AbstractASTManager.getCompletionsForModule(AbstractASTManager.java:541)
	at org.python.pydev.editor.codecompletion.revisited.AbstractASTManager.getCompletionsForModule(AbstractASTManager.java:532)
	at org.python.pydev.editor.codecompletion.revisited.modules.AbstractModule.internalGenerateCachedTokens(AbstractModule.java:216)
	at org.python.pydev.editor.codecompletion.revisited.modules.AbstractModule.getCachedCompletions(AbstractModule.java:188)
	at org.python.pydev.editor.codecompletion.revisited.modules.AbstractModule.isInGlobalTokens(AbstractModule.java:140)
	at com.python.pydev.analysis.scopeanalysis.AbstractScopeAnalyzerVisitor.markRead(AbstractScopeAnalyzerVisitor.java:1200)
	at com.python.pydev.analysis.scopeanalysis.AbstractScopeAnalyzerVisitor.visitAttribute(AbstractScopeAnalyzerVisitor.java:716)
	at org.python.pydev.parser.jython.ast.Attribute.accept(Attribute.java:99)
	at com.python.pydev.analysis.scopeanalysis.AbstractScopeAnalyzerVisitor.onVisitCallFunc(AbstractScopeAnalyzerVisitor.java:227)
	at com.python.pydev.analysis.visitors.OccurrencesVisitor.onVisitCallFunc(OccurrencesVisitor.java:417)
	at com.python.pydev.analysis.scopeanalysis.AbstractScopeAnalyzerVisitor.visitCall(AbstractScopeAnalyzerVisitor.java:199)
	at com.python.pydev.analysis.visitors.OccurrencesVisitor.visitCall(OccurrencesVisitor.java:226)
	at org.python.pydev.parser.jython.ast.Call.accept(Call.java:137)
	at org.python.pydev.parser.jython.ast.Expr.traverse(Expr.java:85)
	at com.python.pydev.analysis.scopeanalysis.AbstractScopeAnalyzerVisitor.traverse(AbstractScopeAnalyzerVisitor.java:193)
	at com.python.pydev.analysis.visitors.OccurrencesVisitor.traverse(OccurrencesVisitor.java:263)
	at org.python.pydev.parser.jython.ast.VisitorBase.visitExpr(VisitorBase.java:193)
	at org.python.pydev.parser.jython.ast.Expr.accept(Expr.java:79)
	at com.python.pydev.analysis.visitors.OccurrencesVisitor.traverse(OccurrencesVisitor.java:128)
	at com.python.pydev.analysis.visitors.OccurrencesVisitor.traverse(OccurrencesVisitor.java:257)
	at org.python.pydev.parser.jython.ast.VisitorBase.visitIf(VisitorBase.java:116)
	at com.python.pydev.analysis.scopeanalysis.AbstractScopeAnalyzerVisitor.visitIf(AbstractScopeAnalyzerVisitor.java:863)
	at org.python.pydev.parser.jython.ast.If.accept(If.java:108)
	at org.python.pydev.parser.jython.ast.TryExcept.traverse(TryExcept.java:123)
	at com.python.pydev.analysis.scopeanalysis.AbstractScopeAnalyzerVisitor.traverse(AbstractScopeAnalyzerVisitor.java:193)
	at com.python.pydev.analysis.visitors.OccurrencesVisitor.traverse(OccurrencesVisitor.java:263)
	at org.python.pydev.parser.jython.ast.VisitorBase.visitTryExcept(VisitorBase.java:137)
	at com.python.pydev.analysis.scopeanalysis.AbstractScopeAnalyzerVisitor.visitTryExcept(AbstractScopeAnalyzerVisitor.java:882)
	at org.python.pydev.parser.jython.ast.TryExcept.accept(TryExcept.java:115)
	at org.python.pydev.parser.jython.ast.Module.traverse(Module.java:93)
	at com.python.pydev.analysis.scopeanalysis.AbstractScopeAnalyzerVisitor.traverse(AbstractScopeAnalyzerVisitor.java:193)
	at com.python.pydev.analysis.visitors.OccurrencesVisitor.traverse(OccurrencesVisitor.java:263)
	at org.python.pydev.parser.jython.ast.VisitorBase.visitModule(VisitorBase.java:11)
	at org.python.pydev.parser.jython.ast.Module.accept(Module.java:85)
	at com.python.pydev.analysis.OccurrencesAnalyzer.analyzeDocument(OccurrencesAnalyzer.java:56)
	at com.python.pydev.analysis.builder.AnalysisBuilderRunnable.doAnalysis(AnalysisBuilderRunnable.java:251)
	at com.python.pydev.analysis.builder.AbstractAnalysisBuilderRunnable.run(AbstractAnalysisBuilderRunnable.java:162)
	at org.python.pydev.core.concurrency.RunnableAsJobsPoolThread$1.run(RunnableAsJobsPoolThread.java:140)
	at org.eclipse.core.internal.jobs.Worker.run(Worker.java:55)
Caused by: java.io.IOException: CreateProcess error=2, The system cannot find the file specified
	at java.lang.ProcessImpl.create(Native Method)
	at java.lang.ProcessImpl.<init>(ProcessImpl.java:386)
	at java.lang.ProcessImpl.start(ProcessImpl.java:137)
	at java.lang.ProcessBuilder.start(ProcessBuilder.java:1029)
	... 51 more

!ENTRY org.python.pydev.shared_core 4 4 2016-06-26 13:53:28.788
!MESSAGE Error while getting info for module:__builtin__. Project: P/TacBF Launcher
!STACK 0
java.io.IOException: Cannot run program "C:\Kivy-1.8.0-py2.7-win32\Python27\python.exe" (in directory "C:\Program Files\Brainwy\LiClipse 3.0.3\plugins\org.python.pydev_5.0.0.201605191001\pysrc"): CreateProcess error=2, The system cannot find the file specified
	at java.lang.ProcessBuilder.start(ProcessBuilder.java:1048)
	at java.lang.Runtime.exec(Runtime.java:620)
	at org.python.pydev.shared_core.process.ProcessUtils.createProcess(ProcessUtils.java:103)
	at org.python.pydev.runners.SimpleRunner.createProcess(SimpleRunner.java:51)
	at org.python.pydev.editor.codecompletion.shell.PythonShell.createServerProcess(PythonShell.java:63)
	at org.python.pydev.editor.codecompletion.shell.AbstractShell.startIt(AbstractShell.java:281)
	at org.python.pydev.editor.codecompletion.shell.ShellsContainer.getServerShell(ShellsContainer.java:232)
	at org.python.pydev.editor.codecompletion.shell.ShellsContainer.getServerShell(ShellsContainer.java:165)
	at org.python.pydev.editor.codecompletion.shell.AbstractShell.getServerShell(AbstractShell.java:222)
	at org.python.pydev.editor.codecompletion.revisited.modules.CompiledModule.createInnerFromServer(CompiledModule.java:331)
	at org.python.pydev.editor.codecompletion.revisited.modules.CompiledModule.getGlobalTokens(CompiledModule.java:532)
	at org.python.pydev.editor.codecompletion.revisited.AbstractASTManager.internalGenerateGetCompletionsForModule(AbstractASTManager.java:747)
	at org.python.pydev.editor.codecompletion.revisited.AbstractASTManager.getCompletionsForModule(AbstractASTManager.java:572)
	at org.python.pydev.editor.codecompletion.revisited.AbstractASTManager.getCompletionsForModule(AbstractASTManager.java:541)
	at org.python.pydev.editor.codecompletion.revisited.AbstractASTManager.getCompletionsForModule(AbstractASTManager.java:532)
	at org.python.pydev.editor.codecompletion.revisited.AbstractASTManager.getCompletionsForModule(AbstractASTManager.java:522)
	at org.python.pydev.editor.codecompletion.revisited.AbstractASTManager.internalGenerateGetCompletionsForModule(AbstractASTManager.java:755)
	at org.python.pydev.editor.codecompletion.revisited.AbstractASTManager.getCompletionsForModule(AbstractASTManager.java:572)
	at org.python.pydev.editor.codecompletion.revisited.AbstractASTManager.getCompletionsForModule(AbstractASTManager.java:541)
	at org.python.pydev.editor.codecompletion.revisited.AbstractASTManager.getCompletionsForModule(AbstractASTManager.java:532)
	at org.python.pydev.editor.codecompletion.revisited.modules.AbstractModule.internalGenerateCachedTokens(AbstractModule.java:216)
	at org.python.pydev.editor.codecompletion.revisited.modules.AbstractModule.getCachedCompletions(AbstractModule.java:188)
	at org.python.pydev.editor.codecompletion.revisited.modules.AbstractModule.isInGlobalTokens(AbstractModule.java:140)
	at com.python.pydev.analysis.scopeanalysis.AbstractScopeAnalyzerVisitor.markRead(AbstractScopeAnalyzerVisitor.java:1200)
	at com.python.pydev.analysis.scopeanalysis.AbstractScopeAnalyzerVisitor.visitAttribute(AbstractScopeAnalyzerVisitor.java:716)
	at org.python.pydev.parser.jython.ast.Attribute.accept(Attribute.java:99)
	at com.python.pydev.analysis.scopeanalysis.AbstractScopeAnalyzerVisitor.onVisitCallFunc(AbstractScopeAnalyzerVisitor.java:227)
	at com.python.pydev.analysis.visitors.OccurrencesVisitor.onVisitCallFunc(OccurrencesVisitor.java:417)
	at com.python.pydev.analysis.scopeanalysis.AbstractScopeAnalyzerVisitor.visitCall(AbstractScopeAnalyzerVisitor.java:199)
	at com.python.pydev.analysis.visitors.OccurrencesVisitor.visitCall(OccurrencesVisitor.java:226)
	at org.python.pydev.parser.jython.ast.Call.accept(Call.java:137)
	at org.python.pydev.parser.jython.ast.Expr.traverse(Expr.java:85)
	at com.python.pydev.analysis.scopeanalysis.AbstractScopeAnalyzerVisitor.traverse(AbstractScopeAnalyzerVisitor.java:193)
	at com.python.pydev.analysis.visitors.OccurrencesVisitor.traverse(OccurrencesVisitor.java:263)
	at org.python.pydev.parser.jython.ast.VisitorBase.visitExpr(VisitorBase.java:193)
	at org.python.pydev.parser.jython.ast.Expr.accept(Expr.java:79)
	at com.python.pydev.analysis.visitors.OccurrencesVisitor.traverse(OccurrencesVisitor.java:128)
	at com.python.pydev.analysis.visitors.OccurrencesVisitor.traverse(OccurrencesVisitor.java:257)
	at org.python.pydev.parser.jython.ast.VisitorBase.visitIf(VisitorBase.java:116)
	at com.python.pydev.analysis.scopeanalysis.AbstractScopeAnalyzerVisitor.visitIf(AbstractScopeAnalyzerVisitor.java:863)
	at org.python.pydev.parser.jython.ast.If.accept(If.java:108)
	at org.python.pydev.parser.jython.ast.TryExcept.traverse(TryExcept.java:123)
	at com.python.pydev.analysis.scopeanalysis.AbstractScopeAnalyzerVisitor.traverse(AbstractScopeAnalyzerVisitor.java:193)
	at com.python.pydev.analysis.visitors.OccurrencesVisitor.traverse(OccurrencesVisitor.java:263)
	at org.python.pydev.parser.jython.ast.VisitorBase.visitTryExcept(VisitorBase.java:137)
	at com.python.pydev.analysis.scopeanalysis.AbstractScopeAnalyzerVisitor.visitTryExcept(AbstractScopeAnalyzerVisitor.java:882)
	at org.python.pydev.parser.jython.ast.TryExcept.accept(TryExcept.java:115)
	at org.python.pydev.parser.jython.ast.Module.traverse(Module.java:93)
	at com.python.pydev.analysis.scopeanalysis.AbstractScopeAnalyzerVisitor.traverse(AbstractScopeAnalyzerVisitor.java:193)
	at com.python.pydev.analysis.visitors.OccurrencesVisitor.traverse(OccurrencesVisitor.java:263)
	at org.python.pydev.parser.jython.ast.VisitorBase.visitModule(VisitorBase.java:11)
	at org.python.pydev.parser.jython.ast.Module.accept(Module.java:85)
	at com.python.pydev.analysis.OccurrencesAnalyzer.analyzeDocument(OccurrencesAnalyzer.java:56)
	at com.python.pydev.analysis.builder.AnalysisBuilderRunnable.doAnalysis(AnalysisBuilderRunnable.java:251)
	at com.python.pydev.analysis.builder.AbstractAnalysisBuilderRunnable.run(AbstractAnalysisBuilderRunnable.java:162)
	at org.python.pydev.core.concurrency.RunnableAsJobsPoolThread$1.run(RunnableAsJobsPoolThread.java:140)
	at org.eclipse.core.internal.jobs.Worker.run(Worker.java:55)
Caused by: java.io.IOException: CreateProcess error=2, The system cannot find the file specified
	at java.lang.ProcessImpl.create(Native Method)
	at java.lang.ProcessImpl.<init>(ProcessImpl.java:386)
	at java.lang.ProcessImpl.start(ProcessImpl.java:137)
	at java.lang.ProcessBuilder.start(ProcessBuilder.java:1029)
	... 56 more

!ENTRY org.python.pydev.shared_core 4 4 2016-06-26 13:53:28.992
!MESSAGE The module logging.__init__ could not be found nor created!
!STACK 0
java.lang.RuntimeException: The module logging.__init__ could not be found nor created!
	at org.python.pydev.core.log.Log.log(Log.java:54)
	at org.python.pydev.editor.codecompletion.revisited.ModulesManager.getModule(ModulesManager.java:973)
	at org.python.pydev.editor.codecompletion.revisited.ModulesManager.getModule(ModulesManager.java:787)
	at org.python.pydev.editor.codecompletion.revisited.SystemModulesManager.getModuleWithoutBuiltins(SystemModulesManager.java:370)
	at org.python.pydev.editor.codecompletion.revisited.ProjectModulesManager.getModuleAndRelatedModulesManager(ProjectModulesManager.java:219)
	at org.python.pydev.editor.codecompletion.revisited.ProjectModulesManager.getModule(ProjectModulesManager.java:180)
	at org.python.pydev.editor.codecompletion.revisited.ProjectModulesManager.getModule(ProjectModulesManager.java:164)
	at org.python.pydev.editor.codecompletion.revisited.AbstractASTManager.getModule(AbstractASTManager.java:476)
	at org.python.pydev.editor.codecompletion.revisited.AbstractASTManager.findModuleFromPath(AbstractASTManager.java:2150)
	at org.python.pydev.editor.codecompletion.revisited.AbstractASTManager.findOnImportedMods(AbstractASTManager.java:2041)
	at org.python.pydev.editor.codecompletion.revisited.AbstractASTManager.findOnImportedMods(AbstractASTManager.java:1919)
	at com.python.pydev.analysis.visitors.ImportChecker.visitImportToken(ImportChecker.java:186)
	at com.python.pydev.analysis.visitors.ImportChecker.visitImportToken(ImportChecker.java:167)
	at com.python.pydev.analysis.visitors.Scope.addImportTokens(Scope.java:173)
	at com.python.pydev.analysis.scopeanalysis.AbstractScopeAnalyzerVisitor.visitImport(AbstractScopeAnalyzerVisitor.java:556)
	at org.python.pydev.parser.jython.ast.Import.accept(Import.java:85)
	at com.python.pydev.analysis.visitors.OccurrencesVisitor.traverse(OccurrencesVisitor.java:128)
	at com.python.pydev.analysis.visitors.OccurrencesVisitor.traverse(OccurrencesVisitor.java:257)
	at org.python.pydev.parser.jython.ast.VisitorBase.visitIf(VisitorBase.java:116)
	at com.python.pydev.analysis.scopeanalysis.AbstractScopeAnalyzerVisitor.visitIf(AbstractScopeAnalyzerVisitor.java:863)
	at org.python.pydev.parser.jython.ast.If.accept(If.java:108)
	at org.python.pydev.parser.jython.ast.TryExcept.traverse(TryExcept.java:123)
	at com.python.pydev.analysis.scopeanalysis.AbstractScopeAnalyzerVisitor.traverse(AbstractScopeAnalyzerVisitor.java:193)
	at com.python.pydev.analysis.visitors.OccurrencesVisitor.traverse(OccurrencesVisitor.java:263)
	at org.python.pydev.parser.jython.ast.VisitorBase.visitTryExcept(VisitorBase.java:137)
	at com.python.pydev.analysis.scopeanalysis.AbstractScopeAnalyzerVisitor.visitTryExcept(AbstractScopeAnalyzerVisitor.java:882)
	at org.python.pydev.parser.jython.ast.TryExcept.accept(TryExcept.java:115)
	at org.python.pydev.parser.jython.ast.Module.traverse(Module.java:93)
	at com.python.pydev.analysis.scopeanalysis.AbstractScopeAnalyzerVisitor.traverse(AbstractScopeAnalyzerVisitor.java:193)
	at com.python.pydev.analysis.visitors.OccurrencesVisitor.traverse(OccurrencesVisitor.java:263)
	at org.python.pydev.parser.jython.ast.VisitorBase.visitModule(VisitorBase.java:11)
	at org.python.pydev.parser.jython.ast.Module.accept(Module.java:85)
	at com.python.pydev.analysis.OccurrencesAnalyzer.analyzeDocument(OccurrencesAnalyzer.java:56)
	at com.python.pydev.analysis.builder.AnalysisBuilderRunnable.doAnalysis(AnalysisBuilderRunnable.java:251)
	at com.python.pydev.analysis.builder.AbstractAnalysisBuilderRunnable.run(AbstractAnalysisBuilderRunnable.java:162)
	at org.python.pydev.core.concurrency.RunnableAsJobsPoolThread$1.run(RunnableAsJobsPoolThread.java:140)
	at org.eclipse.core.internal.jobs.Worker.run(Worker.java:55)

!ENTRY org.python.pydev.shared_core 1 1 2016-06-26 13:53:29.012
!MESSAGE Unable to track file that does not exist: C:\Kivy-1.8.0-py2.7-win32\Python27\lib\site-packages\setuptools-2.0.1-py2.7.egg
!STACK 0
java.lang.RuntimeException: Unable to track file that does not exist: C:\Kivy-1.8.0-py2.7-win32\Python27\lib\site-packages\setuptools-2.0.1-py2.7.egg
	at org.python.pydev.shared_core.log.Log.logInfo(Log.java:52)
	at org.python.pydev.shared_core.path_watch.PathWatch.track(PathWatch.java:316)
	at org.python.pydev.editor.codecompletion.revisited.SyncSystemModulesManagerScheduler.afterSetInfos(SyncSystemModulesManagerScheduler.java:463)
	at org.python.pydev.editor.codecompletion.revisited.SyncSystemModulesManagerScheduler.afterSetInfos(SyncSystemModulesManagerScheduler.java:444)
	at org.python.pydev.editor.codecompletion.revisited.SyncSystemModulesManagerScheduler.registerInterpreterManager(SyncSystemModulesManagerScheduler.java:67)
	at org.python.pydev.editor.codecompletion.revisited.SyncSystemModulesManagerScheduler.start(SyncSystemModulesManagerScheduler.java:89)
	at org.python.pydev.plugin.PydevPlugin$1.run(PydevPlugin.java:209)
	at org.eclipse.core.internal.jobs.Worker.run(Worker.java:55)

!ENTRY org.python.pydev.shared_core 4 4 2016-06-26 13:53:29.021
!MESSAGE The module traceback could not be found nor created!
!STACK 0
java.lang.RuntimeException: The module traceback could not be found nor created!
	at org.python.pydev.core.log.Log.log(Log.java:54)
	at org.python.pydev.editor.codecompletion.revisited.ModulesManager.getModule(ModulesManager.java:973)
	at org.python.pydev.editor.codecompletion.revisited.ModulesManager.getModule(ModulesManager.java:787)
	at org.python.pydev.editor.codecompletion.revisited.SystemModulesManager.getModuleWithoutBuiltins(SystemModulesManager.java:370)
	at org.python.pydev.editor.codecompletion.revisited.ProjectModulesManager.getModuleAndRelatedModulesManager(ProjectModulesManager.java:219)
	at org.python.pydev.editor.codecompletion.revisited.ProjectModulesManager.getModule(ProjectModulesManager.java:180)
	at org.python.pydev.editor.codecompletion.revisited.ProjectModulesManager.getModule(ProjectModulesManager.java:164)
	at org.python.pydev.editor.codecompletion.revisited.AbstractASTManager.getModule(AbstractASTManager.java:476)
	at org.python.pydev.editor.codecompletion.revisited.AbstractASTManager.findModuleFromPath(AbstractASTManager.java:2150)
	at org.python.pydev.editor.codecompletion.revisited.AbstractASTManager.findOnImportedMods(AbstractASTManager.java:2041)
	at org.python.pydev.editor.codecompletion.revisited.AbstractASTManager.findOnImportedMods(AbstractASTManager.java:1919)
	at com.python.pydev.analysis.visitors.ImportChecker.visitImportToken(ImportChecker.java:186)
	at com.python.pydev.analysis.visitors.ImportChecker.visitImportToken(ImportChecker.java:167)
	at com.python.pydev.analysis.visitors.Scope.addImportTokens(Scope.java:173)
	at com.python.pydev.analysis.scopeanalysis.AbstractScopeAnalyzerVisitor.visitImport(AbstractScopeAnalyzerVisitor.java:556)
	at org.python.pydev.parser.jython.ast.Import.accept(Import.java:85)
	at org.python.pydev.parser.jython.ast.TryExcept.traverse(TryExcept.java:123)
	at com.python.pydev.analysis.scopeanalysis.AbstractScopeAnalyzerVisitor.traverse(AbstractScopeAnalyzerVisitor.java:193)
	at com.python.pydev.analysis.visitors.OccurrencesVisitor.traverse(OccurrencesVisitor.java:263)
	at org.python.pydev.parser.jython.ast.VisitorBase.visitTryExcept(VisitorBase.java:137)
	at com.python.pydev.analysis.scopeanalysis.AbstractScopeAnalyzerVisitor.visitTryExcept(AbstractScopeAnalyzerVisitor.java:882)
	at org.python.pydev.parser.jython.ast.TryExcept.accept(TryExcept.java:115)
	at org.python.pydev.parser.jython.ast.excepthandlerType.traverse(excepthandlerType.java:123)
	at org.python.pydev.parser.jython.ast.excepthandlerType.accept(excepthandlerType.java:108)
	at org.python.pydev.parser.jython.ast.TryExcept.traverse(TryExcept.java:130)
	at com.python.pydev.analysis.scopeanalysis.AbstractScopeAnalyzerVisitor.traverse(AbstractScopeAnalyzerVisitor.java:193)
	at com.python.pydev.analysis.visitors.OccurrencesVisitor.traverse(OccurrencesVisitor.java:263)
	at org.python.pydev.parser.jython.ast.VisitorBase.visitTryExcept(VisitorBase.java:137)
	at com.python.pydev.analysis.scopeanalysis.AbstractScopeAnalyzerVisitor.visitTryExcept(AbstractScopeAnalyzerVisitor.java:882)
	at org.python.pydev.parser.jython.ast.TryExcept.accept(TryExcept.java:115)
	at org.python.pydev.parser.jython.ast.excepthandlerType.traverse(excepthandlerType.java:123)
	at org.python.pydev.parser.jython.ast.excepthandlerType.accept(excepthandlerType.java:108)
	at org.python.pydev.parser.jython.ast.TryExcept.traverse(TryExcept.java:130)
	at com.python.pydev.analysis.scopeanalysis.AbstractScopeAnalyzerVisitor.traverse(AbstractScopeAnalyzerVisitor.java:193)
	at com.python.pydev.analysis.visitors.OccurrencesVisitor.traverse(OccurrencesVisitor.java:263)
	at org.python.pydev.parser.jython.ast.VisitorBase.visitTryExcept(VisitorBase.java:137)
	at com.python.pydev.analysis.scopeanalysis.AbstractScopeAnalyzerVisitor.visitTryExcept(AbstractScopeAnalyzerVisitor.java:882)
	at org.python.pydev.parser.jython.ast.TryExcept.accept(TryExcept.java:115)
	at org.python.pydev.parser.jython.ast.Module.traverse(Module.java:93)
	at com.python.pydev.analysis.scopeanalysis.AbstractScopeAnalyzerVisitor.traverse(AbstractScopeAnalyzerVisitor.java:193)
	at com.python.pydev.analysis.visitors.OccurrencesVisitor.traverse(OccurrencesVisitor.java:263)
	at org.python.pydev.parser.jython.ast.VisitorBase.visitModule(VisitorBase.java:11)
	at org.python.pydev.parser.jython.ast.Module.accept(Module.java:85)
	at com.python.pydev.analysis.OccurrencesAnalyzer.analyzeDocument(OccurrencesAnalyzer.java:56)
	at com.python.pydev.analysis.builder.AnalysisBuilderRunnable.doAnalysis(AnalysisBuilderRunnable.java:251)
	at com.python.pydev.analysis.builder.AbstractAnalysisBuilderRunnable.run(AbstractAnalysisBuilderRunnable.java:162)
	at org.python.pydev.core.concurrency.RunnableAsJobsPoolThread$1.run(RunnableAsJobsPoolThread.java:140)
	at org.eclipse.core.internal.jobs.Worker.run(Worker.java:55)

!ENTRY org.python.pydev.shared_core 1 1 2016-06-26 13:53:29.041
!MESSAGE Unable to track file that does not exist: C:\Kivy-1.8.0-py2.7-win32\Python27\lib\site-packages\pywin32-218-py2.7-win32.egg
!STACK 0
java.lang.RuntimeException: Unable to track file that does not exist: C:\Kivy-1.8.0-py2.7-win32\Python27\lib\site-packages\pywin32-218-py2.7-win32.egg
	at org.python.pydev.shared_core.log.Log.logInfo(Log.java:52)
	at org.python.pydev.shared_core.path_watch.PathWatch.track(PathWatch.java:316)
	at org.python.pydev.editor.codecompletion.revisited.SyncSystemModulesManagerScheduler.afterSetInfos(SyncSystemModulesManagerScheduler.java:463)
	at org.python.pydev.editor.codecompletion.revisited.SyncSystemModulesManagerScheduler.afterSetInfos(SyncSystemModulesManagerScheduler.java:444)
	at org.python.pydev.editor.codecompletion.revisited.SyncSystemModulesManagerScheduler.registerInterpreterManager(SyncSystemModulesManagerScheduler.java:67)
	at org.python.pydev.editor.codecompletion.revisited.SyncSystemModulesManagerScheduler.start(SyncSystemModulesManagerScheduler.java:89)
	at org.python.pydev.plugin.PydevPlugin$1.run(PydevPlugin.java:209)
	at org.eclipse.core.internal.jobs.Worker.run(Worker.java:55)

!ENTRY org.python.pydev.shared_core 1 1 2016-06-26 13:53:29.041
!MESSAGE Unable to track file that does not exist: C:\Kivy-1.8.0-py2.7-win32\Python27\lib\site-packages\plyer-1.1.2-py2.7.egg
!STACK 0
java.lang.RuntimeException: Unable to track file that does not exist: C:\Kivy-1.8.0-py2.7-win32\Python27\lib\site-packages\plyer-1.1.2-py2.7.egg
	at org.python.pydev.shared_core.log.Log.logInfo(Log.java:52)
	at org.python.pydev.shared_core.path_watch.PathWatch.track(PathWatch.java:316)
	at org.python.pydev.editor.codecompletion.revisited.SyncSystemModulesManagerScheduler.afterSetInfos(SyncSystemModulesManagerScheduler.java:463)
	at org.python.pydev.editor.codecompletion.revisited.SyncSystemModulesManagerScheduler.afterSetInfos(SyncSystemModulesManagerScheduler.java:444)
	at org.python.pydev.editor.codecompletion.revisited.SyncSystemModulesManagerScheduler.registerInterpreterManager(SyncSystemModulesManagerScheduler.java:67)
	at org.python.pydev.editor.codecompletion.revisited.SyncSystemModulesManagerScheduler.start(SyncSystemModulesManagerScheduler.java:89)
	at org.python.pydev.plugin.PydevPlugin$1.run(PydevPlugin.java:209)
	at org.eclipse.core.internal.jobs.Worker.run(Worker.java:55)

!ENTRY org.python.pydev.shared_core 1 1 2016-06-26 13:53:29.050
!MESSAGE Unable to track file that does not exist: C:\Kivy-1.8.0-py2.7-win32\Python27\lib\site-packages\kivy_garden-0.1.1-py2.7.egg
!STACK 0
java.lang.RuntimeException: Unable to track file that does not exist: C:\Kivy-1.8.0-py2.7-win32\Python27\lib\site-packages\kivy_garden-0.1.1-py2.7.egg
	at org.python.pydev.shared_core.log.Log.logInfo(Log.java:52)
	at org.python.pydev.shared_core.path_watch.PathWatch.track(PathWatch.java:316)
	at org.python.pydev.editor.codecompletion.revisited.SyncSystemModulesManagerScheduler.afterSetInfos(SyncSystemModulesManagerScheduler.java:463)
	at org.python.pydev.editor.codecompletion.revisited.SyncSystemModulesManagerScheduler.afterSetInfos(SyncSystemModulesManagerScheduler.java:444)
	at org.python.pydev.editor.codecompletion.revisited.SyncSystemModulesManagerScheduler.registerInterpreterManager(SyncSystemModulesManagerScheduler.java:67)
	at org.python.pydev.editor.codecompletion.revisited.SyncSystemModulesManagerScheduler.start(SyncSystemModulesManagerScheduler.java:89)
	at org.python.pydev.plugin.PydevPlugin$1.run(PydevPlugin.java:209)
	at org.eclipse.core.internal.jobs.Worker.run(Worker.java:55)

!ENTRY org.python.pydev.shared_core 1 1 2016-06-26 13:53:29.050
!MESSAGE Unable to track file that does not exist: C:\Kivy-1.8.0-py2.7-win32\Python27\lib\site-packages\requests-2.2.1-py2.7.egg
!STACK 0
java.lang.RuntimeException: Unable to track file that does not exist: C:\Kivy-1.8.0-py2.7-win32\Python27\lib\site-packages\requests-2.2.1-py2.7.egg
	at org.python.pydev.shared_core.log.Log.logInfo(Log.java:52)
	at org.python.pydev.shared_core.path_watch.PathWatch.track(PathWatch.java:316)
	at org.python.pydev.editor.codecompletion.revisited.SyncSystemModulesManagerScheduler.afterSetInfos(SyncSystemModulesManagerScheduler.java:463)
	at org.python.pydev.editor.codecompletion.revisited.SyncSystemModulesManagerScheduler.afterSetInfos(SyncSystemModulesManagerScheduler.java:444)
	at org.python.pydev.editor.codecompletion.revisited.SyncSystemModulesManagerScheduler.registerInterpreterManager(SyncSystemModulesManagerScheduler.java:67)
	at org.python.pydev.editor.codecompletion.revisited.SyncSystemModulesManagerScheduler.start(SyncSystemModulesManagerScheduler.java:89)
	at org.python.pydev.plugin.PydevPlugin$1.run(PydevPlugin.java:209)
	at org.eclipse.core.internal.jobs.Worker.run(Worker.java:55)

!ENTRY org.python.pydev.shared_core 1 1 2016-06-26 13:53:29.050
!MESSAGE Unable to track file that does not exist: C:\Kivy-1.8.0-py2.7-win32\Python27\DLLs
!STACK 0
java.lang.RuntimeException: Unable to track file that does not exist: C:\Kivy-1.8.0-py2.7-win32\Python27\DLLs
	at org.python.pydev.shared_core.log.Log.logInfo(Log.java:52)
	at org.python.pydev.shared_core.path_watch.PathWatch.track(PathWatch.java:316)
	at org.python.pydev.editor.codecompletion.revisited.SyncSystemModulesManagerScheduler.afterSetInfos(SyncSystemModulesManagerScheduler.java:463)
	at org.python.pydev.editor.codecompletion.revisited.SyncSystemModulesManagerScheduler.afterSetInfos(SyncSystemModulesManagerScheduler.java:444)
	at org.python.pydev.editor.codecompletion.revisited.SyncSystemModulesManagerScheduler.registerInterpreterManager(SyncSystemModulesManagerScheduler.java:67)
	at org.python.pydev.editor.codecompletion.revisited.SyncSystemModulesManagerScheduler.start(SyncSystemModulesManagerScheduler.java:89)
	at org.python.pydev.plugin.PydevPlugin$1.run(PydevPlugin.java:209)
	at org.eclipse.core.internal.jobs.Worker.run(Worker.java:55)

!ENTRY org.python.pydev.shared_core 1 1 2016-06-26 13:53:29.050
!MESSAGE Unable to track file that does not exist: C:\Kivy-1.8.0-py2.7-win32\Python27\lib
!STACK 0
java.lang.RuntimeException: Unable to track file that does not exist: C:\Kivy-1.8.0-py2.7-win32\Python27\lib
	at org.python.pydev.shared_core.log.Log.logInfo(Log.java:52)
	at org.python.pydev.shared_core.path_watch.PathWatch.track(PathWatch.java:316)
	at org.python.pydev.editor.codecompletion.revisited.SyncSystemModulesManagerScheduler.afterSetInfos(SyncSystemModulesManagerScheduler.java:463)
	at org.python.pydev.editor.codecompletion.revisited.SyncSystemModulesManagerScheduler.afterSetInfos(SyncSystemModulesManagerScheduler.java:444)
	at org.python.pydev.editor.codecompletion.revisited.SyncSystemModulesManagerScheduler.registerInterpreterManager(SyncSystemModulesManagerScheduler.java:67)
	at org.python.pydev.editor.codecompletion.revisited.SyncSystemModulesManagerScheduler.start(SyncSystemModulesManagerScheduler.java:89)
	at org.python.pydev.plugin.PydevPlugin$1.run(PydevPlugin.java:209)
	at org.eclipse.core.internal.jobs.Worker.run(Worker.java:55)

!ENTRY org.python.pydev.shared_core 1 1 2016-06-26 13:53:29.050
!MESSAGE Unable to track file that does not exist: C:\Kivy-1.8.0-py2.7-win32\Python27\lib\lib-tk
!STACK 0
java.lang.RuntimeException: Unable to track file that does not exist: C:\Kivy-1.8.0-py2.7-win32\Python27\lib\lib-tk
	at org.python.pydev.shared_core.log.Log.logInfo(Log.java:52)
	at org.python.pydev.shared_core.path_watch.PathWatch.track(PathWatch.java:316)
	at org.python.pydev.editor.codecompletion.revisited.SyncSystemModulesManagerScheduler.afterSetInfos(SyncSystemModulesManagerScheduler.java:463)
	at org.python.pydev.editor.codecompletion.revisited.SyncSystemModulesManagerScheduler.afterSetInfos(SyncSystemModulesManagerScheduler.java:444)
	at org.python.pydev.editor.codecompletion.revisited.SyncSystemModulesManagerScheduler.registerInterpreterManager(SyncSystemModulesManagerScheduler.java:67)
	at org.python.pydev.editor.codecompletion.revisited.SyncSystemModulesManagerScheduler.start(SyncSystemModulesManagerScheduler.java:89)
	at org.python.pydev.plugin.PydevPlugin$1.run(PydevPlugin.java:209)
	at org.eclipse.core.internal.jobs.Worker.run(Worker.java:55)

!ENTRY org.python.pydev.shared_core 1 1 2016-06-26 13:53:29.050
!MESSAGE Unable to track file that does not exist: C:\Kivy-1.8.0-py2.7-win32\Python27
!STACK 0
java.lang.RuntimeException: Unable to track file that does not exist: C:\Kivy-1.8.0-py2.7-win32\Python27
	at org.python.pydev.shared_core.log.Log.logInfo(Log.java:52)
	at org.python.pydev.shared_core.path_watch.PathWatch.track(PathWatch.java:316)
	at org.python.pydev.editor.codecompletion.revisited.SyncSystemModulesManagerScheduler.afterSetInfos(SyncSystemModulesManagerScheduler.java:463)
	at org.python.pydev.editor.codecompletion.revisited.SyncSystemModulesManagerScheduler.afterSetInfos(SyncSystemModulesManagerScheduler.java:444)
	at org.python.pydev.editor.codecompletion.revisited.SyncSystemModulesManagerScheduler.registerInterpreterManager(SyncSystemModulesManagerScheduler.java:67)
	at org.python.pydev.editor.codecompletion.revisited.SyncSystemModulesManagerScheduler.start(SyncSystemModulesManagerScheduler.java:89)
	at org.python.pydev.plugin.PydevPlugin$1.run(PydevPlugin.java:209)
	at org.eclipse.core.internal.jobs.Worker.run(Worker.java:55)

!ENTRY org.python.pydev.shared_core 1 1 2016-06-26 13:53:29.050
!MESSAGE Unable to track file that does not exist: C:\Kivy-1.8.0-py2.7-win32\Python27\lib\site-packages
!STACK 0
java.lang.RuntimeException: Unable to track file that does not exist: C:\Kivy-1.8.0-py2.7-win32\Python27\lib\site-packages
	at org.python.pydev.shared_core.log.Log.logInfo(Log.java:52)
	at org.python.pydev.shared_core.path_watch.PathWatch.track(PathWatch.java:316)
	at org.python.pydev.editor.codecompletion.revisited.SyncSystemModulesManagerScheduler.afterSetInfos(SyncSystemModulesManagerScheduler.java:463)
	at org.python.pydev.editor.codecompletion.revisited.SyncSystemModulesManagerScheduler.afterSetInfos(SyncSystemModulesManagerScheduler.java:444)
	at org.python.pydev.editor.codecompletion.revisited.SyncSystemModulesManagerScheduler.registerInterpreterManager(SyncSystemModulesManagerScheduler.java:67)
	at org.python.pydev.editor.codecompletion.revisited.SyncSystemModulesManagerScheduler.start(SyncSystemModulesManagerScheduler.java:89)
	at org.python.pydev.plugin.PydevPlugin$1.run(PydevPlugin.java:209)
	at org.eclipse.core.internal.jobs.Worker.run(Worker.java:55)

!ENTRY org.python.pydev.shared_core 1 1 2016-06-26 13:53:29.050
!MESSAGE Unable to track file that does not exist: C:\Kivy-1.8.0-py2.7-win32\kivy
!STACK 0
java.lang.RuntimeException: Unable to track file that does not exist: C:\Kivy-1.8.0-py2.7-win32\kivy
	at org.python.pydev.shared_core.log.Log.logInfo(Log.java:52)
	at org.python.pydev.shared_core.path_watch.PathWatch.track(PathWatch.java:316)
	at org.python.pydev.editor.codecompletion.revisited.SyncSystemModulesManagerScheduler.afterSetInfos(SyncSystemModulesManagerScheduler.java:463)
	at org.python.pydev.editor.codecompletion.revisited.SyncSystemModulesManagerScheduler.afterSetInfos(SyncSystemModulesManagerScheduler.java:444)
	at org.python.pydev.editor.codecompletion.revisited.SyncSystemModulesManagerScheduler.registerInterpreterManager(SyncSystemModulesManagerScheduler.java:67)
	at org.python.pydev.editor.codecompletion.revisited.SyncSystemModulesManagerScheduler.start(SyncSystemModulesManagerScheduler.java:89)
	at org.python.pydev.plugin.PydevPlugin$1.run(PydevPlugin.java:209)
	at org.eclipse.core.internal.jobs.Worker.run(Worker.java:55)

!ENTRY org.python.pydev.shared_core 4 4 2016-06-26 13:53:59.363
!MESSAGE java.io.IOException: Cannot run program "C:\Kivy-1.8.0-py2.7-win32\Python27\python.exe": CreateProcess error=2, The system cannot find the file specified
!STACK 0
java.lang.RuntimeException: java.io.IOException: Cannot run program "C:\Kivy-1.8.0-py2.7-win32\Python27\python.exe": CreateProcess error=2, The system cannot find the file specified
	at org.python.pydev.runners.SimpleRunner.run(SimpleRunner.java:312)
	at org.python.pydev.runners.SimpleRunner.run(SimpleRunner.java:278)
	at org.python.pydev.runners.SimpleRunner.runAndGetOutput(SimpleRunner.java:329)
	at org.python.pydev.runners.SimplePythonRunner.runAndGetOutputWithInterpreter(SimplePythonRunner.java:95)
	at org.python.pydev.ui.interpreters.PythonInterpreterManager.doCreateInterpreterInfo(PythonInterpreterManager.java:68)
	at org.python.pydev.ui.interpreters.PythonInterpreterManager.internalCreateInterpreterInfo(PythonInterpreterManager.java:44)
	at org.python.pydev.ui.interpreters.AbstractInterpreterManager.createInterpreterInfo(AbstractInterpreterManager.java:390)
	at org.python.pydev.editor.codecompletion.revisited.SynchSystemModulesManager$CreateInterpreterInfoCallback.createInterpreterInfo(SynchSystemModulesManager.java:173)
	at org.python.pydev.editor.codecompletion.revisited.SynchSystemModulesManager.updateStructures(SynchSystemModulesManager.java:252)
	at org.python.pydev.editor.codecompletion.revisited.SyncSystemModulesManagerScheduler$SynchJob.run(SyncSystemModulesManagerScheduler.java:238)
	at org.eclipse.core.internal.jobs.Worker.run(Worker.java:55)
Caused by: java.io.IOException: Cannot run program "C:\Kivy-1.8.0-py2.7-win32\Python27\python.exe": CreateProcess error=2, The system cannot find the file specified
	at java.lang.ProcessBuilder.start(ProcessBuilder.java:1048)
	at java.lang.Runtime.exec(Runtime.java:620)
	at org.python.pydev.shared_core.process.ProcessUtils.createProcess(ProcessUtils.java:103)
	at org.python.pydev.runners.SimpleRunner.createProcess(SimpleRunner.java:51)
	at org.python.pydev.runners.SimpleRunner.run(SimpleRunner.java:310)
	... 10 more
Caused by: java.io.IOException: CreateProcess error=2, The system cannot find the file specified
	at java.lang.ProcessImpl.create(Native Method)
	at java.lang.ProcessImpl.<init>(ProcessImpl.java:386)
	at java.lang.ProcessImpl.start(ProcessImpl.java:137)
	at java.lang.ProcessBuilder.start(ProcessBuilder.java:1029)
	... 14 more

!ENTRY org.eclipse.debug.core 4 125 2016-06-26 13:56:18.586
!MESSAGE Exception occurred executing command line.
!STACK 0
java.io.IOException: Cannot run program "C:\Kivy-1.8.0-py2.7-win32\Python27\python.exe" (in directory "C:\tacbf_launcher\src"): CreateProcess error=2, The system cannot find the file specified
	at java.lang.ProcessBuilder.start(ProcessBuilder.java:1048)
	at java.lang.Runtime.exec(Runtime.java:620)
	at org.eclipse.debug.core.DebugPlugin.exec(DebugPlugin.java:881)
	at org.python.pydev.debug.ui.launching.PythonRunner.createProcess(PythonRunner.java:286)
	at org.python.pydev.debug.ui.launching.PythonRunner.doIt(PythonRunner.java:246)
	at org.python.pydev.debug.ui.launching.PythonRunner.run(PythonRunner.java:114)
	at org.python.pydev.debug.ui.launching.AbstractLaunchConfigurationDelegate.launch(AbstractLaunchConfigurationDelegate.java:109)
	at org.eclipse.debug.internal.core.LaunchConfiguration.launch(LaunchConfiguration.java:885)
	at org.eclipse.debug.internal.core.LaunchConfiguration.launch(LaunchConfiguration.java:739)
	at org.eclipse.debug.internal.ui.DebugUIPlugin.buildAndLaunch(DebugUIPlugin.java:1039)
	at org.eclipse.debug.internal.ui.DebugUIPlugin$8.run(DebugUIPlugin.java:1256)
	at org.eclipse.core.internal.jobs.Worker.run(Worker.java:55)
Caused by: java.io.IOException: CreateProcess error=2, The system cannot find the file specified
	at java.lang.ProcessImpl.create(Native Method)
	at java.lang.ProcessImpl.<init>(ProcessImpl.java:386)
	at java.lang.ProcessImpl.start(ProcessImpl.java:137)
	at java.lang.ProcessBuilder.start(ProcessBuilder.java:1029)
	... 11 more

!ENTRY org.python.pydev.shared_core 1 1 2016-06-26 13:58:57.131
!MESSAGE Information about process of adding new interpreter:
- Opening dialog to request executable (or jar).
- Chosen interpreter (name and file):'Tuple [Python27 -- C:\Python27\python.exe]
- Ok, file is non-null. Getting info on:C:\Python27\python.exe
- Beggining task:Getting libs totalWork:100
- Setting task name:Mounting executable string...
- Setting task name:Executing:  C:\Python27\python.exe -u "C:\Program Files\Brainwy\LiClipse 3.0.3\plugins\org.python.pydev_5.0.0.201605191001\pysrc\interpreterInfo.py"
- Setting task name:Making pythonpath environment... C:\Python27\python.exe -u "C:\Program Files\Brainwy\LiClipse 3.0.3\plugins\org.python.pydev_5.0.0.201605191001\pysrc\interpreterInfo.py"
- Setting task name:Making exec... C:\Python27\python.exe -u "C:\Program Files\Brainwy\LiClipse 3.0.3\plugins\org.python.pydev_5.0.0.201605191001\pysrc\interpreterInfo.py"
- Setting task name:Reading output...
- Setting task name:Waiting for process to finish.
- Success getting the info. Result:<xml>
<name>Python27</name>
<version>2.7</version>
<executable>C:\Python27\python.exe</executable>
<lib>C:\Python27\DLLs</lib>
<lib>C:\Python27\lib</lib>
<lib>C:\Python27\lib\lib-tk</lib>
<lib>C:\Python27</lib>
<lib>C:\Python27\lib\site-packages</lib>
<lib>C:\Python27\lib\site-packages\win32</lib>
<lib>C:\Python27\lib\site-packages\win32\lib</lib>
<lib>C:\Python27\lib\site-packages\Pythonwin</lib>
<forced_lib>Image</forced_lib>
<forced_lib>OpenGL</forced_lib>
<forced_lib>__builtin__</forced_lib>
<forced_lib>__main__</forced_lib>
<forced_lib>_ast</forced_lib>
<forced_lib>_bisect</forced_lib>
<forced_lib>_bytesio</forced_lib>
<forced_lib>_codecs</forced_lib>
<forced_lib>_codecs_cn</forced_lib>
<forced_lib>_codecs_hk</forced_lib>
<forced_lib>_codecs_iso2022</forced_lib>
<forced_lib>_codecs_jp</forced_lib>
<forced_lib>_codecs_kr</forced_lib>
<forced_lib>_codecs_tw</forced_lib>
<forced_lib>_collections</forced_lib>
<forced_lib>_csv</forced_lib>
<forced_lib>_fileio</forced_lib>
<forced_lib>_functools</forced_lib>
<forced_lib>_heapq</forced_lib>
<forced_lib>_hotshot</forced_lib>
<forced_lib>_io</forced_lib>
<forced_lib>_json</forced_lib>
<forced_lib>_locale</forced_lib>
<forced_lib>_lsprof</forced_lib>
<forced_lib>_md5</forced_lib>
<forced_lib>_multibytecodec</forced_lib>
<forced_lib>_random</forced_lib>
<forced_lib>_sha</forced_lib>
<forced_lib>_sha256</forced_lib>
<forced_lib>_sha512</forced_lib>
<forced_lib>_sre</forced_lib>
<forced_lib>_struct</forced_lib>
<forced_lib>_subprocess</forced_lib>
<forced_lib>_symtable</forced_lib>
<forced_lib>_warnings</forced_lib>
<forced_lib>_weakref</forced_lib>
<forced_lib>_winreg</forced_lib>
<forced_lib>array</forced_lib>
<forced_lib>audioop</forced_lib>
<forced_lib>binascii</forced_lib>
<forced_lib>cPickle</forced_lib>
<forced_lib>cStringIO</forced_lib>
<forced_lib>cmath</forced_lib>
<forced_lib>datetime</forced_lib>
<forced_lib>email</forced_lib>
<forced_lib>errno</forced_lib>
<forced_lib>exceptions</forced_lib>
<forced_lib>future_builtins</forced_lib>
<forced_lib>gc</forced_lib>
<forced_lib>gi</forced_lib>
<forced_lib>hashlib</forced_lib>
<forced_lib>imageop</forced_lib>
<forced_lib>imp</forced_lib>
<forced_lib>itertools</forced_lib>
<forced_lib>marshal</forced_lib>
<forced_lib>math</forced_lib>
<forced_lib>mmap</forced_lib>
<forced_lib>msvcrt</forced_lib>
<forced_lib>multiprocessing</forced_lib>
<forced_lib>nose</forced_lib>
<forced_lib>nose.tools</forced_lib>
<forced_lib>nt</forced_lib>
<forced_lib>numpy</forced_lib>
<forced_lib>operator</forced_lib>
<forced_lib>os</forced_lib>
<forced_lib>os.path</forced_lib>
<forced_lib>parser</forced_lib>
<forced_lib>pytest</forced_lib>
<forced_lib>scipy</forced_lib>
<forced_lib>signal</forced_lib>
<forced_lib>socket</forced_lib>
<forced_lib>strop</forced_lib>
<forced_lib>sys</forced_lib>
<forced_lib>thread</forced_lib>
<forced_lib>time</forced_lib>
<forced_lib>wx</forced_lib>
<forced_lib>wxPython</forced_lib>
<forced_lib>xxsubtype</forced_lib>
<forced_lib>zipimport</forced_lib>
<forced_lib>zlib</forced_lib>
</xml>

!STACK 0
java.lang.RuntimeException: Information about process of adding new interpreter:
- Opening dialog to request executable (or jar).
- Chosen interpreter (name and file):'Tuple [Python27 -- C:\Python27\python.exe]
- Ok, file is non-null. Getting info on:C:\Python27\python.exe
- Beggining task:Getting libs totalWork:100
- Setting task name:Mounting executable string...
- Setting task name:Executing:  C:\Python27\python.exe -u "C:\Program Files\Brainwy\LiClipse 3.0.3\plugins\org.python.pydev_5.0.0.201605191001\pysrc\interpreterInfo.py"
- Setting task name:Making pythonpath environment... C:\Python27\python.exe -u "C:\Program Files\Brainwy\LiClipse 3.0.3\plugins\org.python.pydev_5.0.0.201605191001\pysrc\interpreterInfo.py"
- Setting task name:Making exec... C:\Python27\python.exe -u "C:\Program Files\Brainwy\LiClipse 3.0.3\plugins\org.python.pydev_5.0.0.201605191001\pysrc\interpreterInfo.py"
- Setting task name:Reading output...
- Setting task name:Waiting for process to finish.
- Success getting the info. Result:<xml>
<name>Python27</name>
<version>2.7</version>
<executable>C:\Python27\python.exe</executable>
<lib>C:\Python27\DLLs</lib>
<lib>C:\Python27\lib</lib>
<lib>C:\Python27\lib\lib-tk</lib>
<lib>C:\Python27</lib>
<lib>C:\Python27\lib\site-packages</lib>
<lib>C:\Python27\lib\site-packages\win32</lib>
<lib>C:\Python27\lib\site-packages\win32\lib</lib>
<lib>C:\Python27\lib\site-packages\Pythonwin</lib>
<forced_lib>Image</forced_lib>
<forced_lib>OpenGL</forced_lib>
<forced_lib>__builtin__</forced_lib>
<forced_lib>__main__</forced_lib>
<forced_lib>_ast</forced_lib>
<forced_lib>_bisect</forced_lib>
<forced_lib>_bytesio</forced_lib>
<forced_lib>_codecs</forced_lib>
<forced_lib>_codecs_cn</forced_lib>
<forced_lib>_codecs_hk</forced_lib>
<forced_lib>_codecs_iso2022</forced_lib>
<forced_lib>_codecs_jp</forced_lib>
<forced_lib>_codecs_kr</forced_lib>
<forced_lib>_codecs_tw</forced_lib>
<forced_lib>_collections</forced_lib>
<forced_lib>_csv</forced_lib>
<forced_lib>_fileio</forced_lib>
<forced_lib>_functools</forced_lib>
<forced_lib>_heapq</forced_lib>
<forced_lib>_hotshot</forced_lib>
<forced_lib>_io</forced_lib>
<forced_lib>_json</forced_lib>
<forced_lib>_locale</forced_lib>
<forced_lib>_lsprof</forced_lib>
<forced_lib>_md5</forced_lib>
<forced_lib>_multibytecodec</forced_lib>
<forced_lib>_random</forced_lib>
<forced_lib>_sha</forced_lib>
<forced_lib>_sha256</forced_lib>
<forced_lib>_sha512</forced_lib>
<forced_lib>_sre</forced_lib>
<forced_lib>_struct</forced_lib>
<forced_lib>_subprocess</forced_lib>
<forced_lib>_symtable</forced_lib>
<forced_lib>_warnings</forced_lib>
<forced_lib>_weakref</forced_lib>
<forced_lib>_winreg</forced_lib>
<forced_lib>array</forced_lib>
<forced_lib>audioop</forced_lib>
<forced_lib>binascii</forced_lib>
<forced_lib>cPickle</forced_lib>
<forced_lib>cStringIO</forced_lib>
<forced_lib>cmath</forced_lib>
<forced_lib>datetime</forced_lib>
<forced_lib>email</forced_lib>
<forced_lib>errno</forced_lib>
<forced_lib>exceptions</forced_lib>
<forced_lib>future_builtins</forced_lib>
<forced_lib>gc</forced_lib>
<forced_lib>gi</forced_lib>
<forced_lib>hashlib</forced_lib>
<forced_lib>imageop</forced_lib>
<forced_lib>imp</forced_lib>
<forced_lib>itertools</forced_lib>
<forced_lib>marshal</forced_lib>
<forced_lib>math</forced_lib>
<forced_lib>mmap</forced_lib>
<forced_lib>msvcrt</forced_lib>
<forced_lib>multiprocessing</forced_lib>
<forced_lib>nose</forced_lib>
<forced_lib>nose.tools</forced_lib>
<forced_lib>nt</forced_lib>
<forced_lib>numpy</forced_lib>
<forced_lib>operator</forced_lib>
<forced_lib>os</forced_lib>
<forced_lib>os.path</forced_lib>
<forced_lib>parser</forced_lib>
<forced_lib>pytest</forced_lib>
<forced_lib>scipy</forced_lib>
<forced_lib>signal</forced_lib>
<forced_lib>socket</forced_lib>
<forced_lib>strop</forced_lib>
<forced_lib>sys</forced_lib>
<forced_lib>thread</forced_lib>
<forced_lib>time</forced_lib>
<forced_lib>wx</forced_lib>
<forced_lib>wxPython</forced_lib>
<forced_lib>xxsubtype</forced_lib>
<forced_lib>zipimport</forced_lib>
<forced_lib>zlib</forced_lib>
</xml>

	at org.python.pydev.core.log.Log.logInfo(Log.java:66)
	at org.python.pydev.ui.pythonpathconf.AbstractInterpreterEditor.getNewInputObject(AbstractInterpreterEditor.java:990)
	at org.python.copiedfromeclipsesrc.PythonListEditor.addPressed(PythonListEditor.java:132)
	at org.python.copiedfromeclipsesrc.PythonListEditor$1.widgetSelected(PythonListEditor.java:225)
	at org.eclipse.swt.widgets.TypedListener.handleEvent(TypedListener.java:249)
	at org.eclipse.swt.widgets.EventTable.sendEvent(EventTable.java:84)
	at org.eclipse.swt.widgets.Display.sendEvent(Display.java:4415)
	at org.eclipse.swt.widgets.Widget.sendEvent(Widget.java:1079)
	at org.eclipse.swt.widgets.Display.runDeferredEvents(Display.java:4233)
	at org.eclipse.swt.widgets.Display.readAndDispatch(Display.java:3821)
	at org.eclipse.jface.window.Window.runEventLoop(Window.java:818)
	at org.eclipse.jface.window.Window.open(Window.java:794)
	at org.eclipse.ui.internal.dialogs.WorkbenchPreferenceDialog.open(WorkbenchPreferenceDialog.java:211)
	at org.python.pydev.ui.PyProjectPythonDetails$ProjectInterpreterAndGrammarConfig$2.widgetSelected(PyProjectPythonDetails.java:228)
	at org.eclipse.swt.widgets.TypedListener.handleEvent(TypedListener.java:249)
	at org.eclipse.swt.widgets.EventTable.sendEvent(EventTable.java:84)
	at org.eclipse.swt.widgets.Display.sendEvent(Display.java:4415)
	at org.eclipse.swt.widgets.Widget.sendEvent(Widget.java:1079)
	at org.eclipse.swt.widgets.Widget.sendEvent(Widget.java:1103)
	at org.eclipse.swt.widgets.Widget.sendSelectionEvent(Widget.java:1120)
	at org.eclipse.swt.widgets.Link.WM_LBUTTONUP(Link.java:1035)
	at org.eclipse.swt.widgets.Control.windowProc(Control.java:4808)
	at org.eclipse.swt.widgets.Display.windowProc(Display.java:5120)
	at org.eclipse.swt.internal.win32.OS.DispatchMessageW(Native Method)
	at org.eclipse.swt.internal.win32.OS.DispatchMessage(OS.java:2552)
	at org.eclipse.swt.widgets.Display.readAndDispatch(Display.java:3819)
	at org.eclipse.jface.window.Window.runEventLoop(Window.java:818)
	at org.eclipse.jface.window.Window.open(Window.java:794)
	at org.eclipse.ui.dialogs.PropertyDialogAction.run(PropertyDialogAction.java:157)
	at org.eclipse.ui.internal.ide.actions.ProjectPropertyDialogAction.run(ProjectPropertyDialogAction.java:79)
	at org.eclipse.jface.action.Action.runWithEvent(Action.java:473)
	at org.eclipse.jface.action.ActionContributionItem.handleWidgetSelection(ActionContributionItem.java:565)
	at org.eclipse.jface.action.ActionContributionItem.lambda$4(ActionContributionItem.java:397)
	at org.eclipse.swt.widgets.EventTable.sendEvent(EventTable.java:84)
	at org.eclipse.swt.widgets.Display.sendEvent(Display.java:4415)
	at org.eclipse.swt.widgets.Widget.sendEvent(Widget.java:1079)
	at org.eclipse.swt.widgets.Display.runDeferredEvents(Display.java:4233)
	at org.eclipse.swt.widgets.Display.readAndDispatch(Display.java:3821)
	at org.eclipse.e4.ui.internal.workbench.swt.PartRenderingEngine$4.run(PartRenderingEngine.java:1119)
	at org.eclipse.core.databinding.observable.Realm.runWithDefault(Realm.java:336)
	at org.eclipse.e4.ui.internal.workbench.swt.PartRenderingEngine.run(PartRenderingEngine.java:1020)
	at org.eclipse.e4.ui.internal.workbench.E4Workbench.createAndRunUI(E4Workbench.java:150)
	at org.eclipse.ui.internal.Workbench$5.run(Workbench.java:687)
	at org.eclipse.core.databinding.observable.Realm.runWithDefault(Realm.java:336)
	at org.eclipse.ui.internal.Workbench.createAndRunWorkbench(Workbench.java:604)
	at org.eclipse.ui.PlatformUI.createAndRunWorkbench(PlatformUI.java:148)
	at com.brainwy.liclipse.rcp.IDEApplication.start(IDEApplication.java:210)
	at org.eclipse.equinox.internal.app.EclipseAppHandle.run(EclipseAppHandle.java:196)
	at org.eclipse.core.runtime.internal.adaptor.EclipseAppLauncher.runApplication(EclipseAppLauncher.java:134)
	at org.eclipse.core.runtime.internal.adaptor.EclipseAppLauncher.start(EclipseAppLauncher.java:104)
	at org.eclipse.core.runtime.adaptor.EclipseStarter.run(EclipseStarter.java:388)
	at org.eclipse.core.runtime.adaptor.EclipseStarter.run(EclipseStarter.java:243)
	at sun.reflect.NativeMethodAccessorImpl.invoke0(Native Method)
	at sun.reflect.NativeMethodAccessorImpl.invoke(NativeMethodAccessorImpl.java:62)
	at sun.reflect.DelegatingMethodAccessorImpl.invoke(DelegatingMethodAccessorImpl.java:43)
	at java.lang.reflect.Method.invoke(Method.java:498)
	at org.eclipse.equinox.launcher.Main.invokeFramework(Main.java:673)
	at org.eclipse.equinox.launcher.Main.basicRun(Main.java:610)
	at org.eclipse.equinox.launcher.Main.run(Main.java:1519)

!ENTRY org.python.pydev.shared_core 1 1 2016-06-26 13:59:37.479
!MESSAGE Restoring info for: C:\Python27\python.exe
!STACK 0
java.lang.RuntimeException: Restoring info for: C:\Python27\python.exe
	at org.python.pydev.ui.interpreters.AbstractInterpreterManager.getInterpretersFromPersistedString(AbstractInterpreterManager.java:529)
	at org.python.pydev.ui.interpreters.AbstractInterpreterManager.internalRecreateCacheGetInterpreterInfos(AbstractInterpreterManager.java:345)
	at org.python.pydev.ui.interpreters.AbstractInterpreterManager.setInfos(AbstractInterpreterManager.java:655)
	at org.python.pydev.ui.pythonpathconf.AbstractInterpreterPreferencesPage$5.run(AbstractInterpreterPreferencesPage.java:282)
	at org.eclipse.jface.operation.ModalContext$ModalContextThread.run(ModalContext.java:119)
Caused by: java.io.IOException: Expecting: C:\Users\IEUser\My Documents\LiClipse Workspace\.metadata\.plugins\org.python.pydev\v1_258tvcdekrk5tmtf5h0ez044z\modulesKeys to exist (and be a file).
	at org.python.pydev.editor.codecompletion.revisited.ModulesManager.loadFromFile(ModulesManager.java:293)
	at org.python.pydev.editor.codecompletion.revisited.SystemModulesManager.load(SystemModulesManager.java:386)
	at org.python.pydev.ui.interpreters.AbstractInterpreterManager.getInterpretersFromPersistedString(AbstractInterpreterManager.java:527)
	... 4 more

!ENTRY org.python.pydev.shared_core 1 1 2016-06-26 13:59:38.601
!MESSAGE Finished restoring information for: C:\Python27\python.exe at: C:\Users\IEUser\My Documents\LiClipse Workspace\.metadata\.plugins\org.python.pydev\v1_258tvcdekrk5tmtf5h0ez044z
!STACK 0
java.lang.RuntimeException: Finished restoring information for: C:\Python27\python.exe at: C:\Users\IEUser\My Documents\LiClipse Workspace\.metadata\.plugins\org.python.pydev\v1_258tvcdekrk5tmtf5h0ez044z
	at org.python.pydev.core.log.Log.logInfo(Log.java:66)
	at org.python.pydev.ui.interpreters.AbstractInterpreterManager.getInterpretersFromPersistedString(AbstractInterpreterManager.java:574)
	at org.python.pydev.ui.interpreters.AbstractInterpreterManager.internalRecreateCacheGetInterpreterInfos(AbstractInterpreterManager.java:345)
	at org.python.pydev.ui.interpreters.AbstractInterpreterManager.setInfos(AbstractInterpreterManager.java:655)
	at org.python.pydev.ui.pythonpathconf.AbstractInterpreterPreferencesPage$5.run(AbstractInterpreterPreferencesPage.java:282)
	at org.eclipse.jface.operation.ModalContext$ModalContextThread.run(ModalContext.java:119)

!ENTRY org.python.pydev.shared_core 4 4 2016-06-26 13:59:39.732
!MESSAGE Info: Rebuilding internal caches: C:\Users\IEUser\My Documents\LiClipse Workspace\.metadata\.plugins\com.python.pydev.analysis\python_v1_258tvcdekrk5tmtf5h0ez044z\python.pydevsysteminfo (Expected error to be provided and got no error!)

!ENTRY org.python.pydev.shared_core 4 4 2016-06-26 13:59:39.993
!MESSAGE Did not expect to find item below node: Assign[targets=[Name[id=cell, ctx=Store, reserved=false]], value=null] (module: test_tokenutil.py).
!STACK 0
java.lang.RuntimeException: Did not expect to find item below node: Assign[targets=[Name[id=cell, ctx=Store, reserved=false]], value=null] (module: test_tokenutil.py).
	at org.python.pydev.core.log.Log.log(Log.java:54)
	at org.python.pydev.parser.fastparser.FastDefinitionsParser.endScopesInStack(FastDefinitionsParser.java:589)
	at org.python.pydev.parser.fastparser.FastDefinitionsParser.handleNewLine(FastDefinitionsParser.java:380)
	at org.python.pydev.parser.fastparser.FastDefinitionsParser.extractBody(FastDefinitionsParser.java:249)
	at org.python.pydev.parser.fastparser.FastDefinitionsParser.parse(FastDefinitionsParser.java:676)
	at com.python.pydev.analysis.additionalinfo.AbstractAdditionalTokensInfo.addAstInfo(AbstractAdditionalTokensInfo.java:314)
	at com.python.pydev.analysis.additionalinfo.AbstractAdditionalInfoWithBuild.restoreInfoForModuleManager(AbstractAdditionalInfoWithBuild.java:264)
	at com.python.pydev.analysis.additionalinfo.AdditionalSystemInterpreterInfo.recreateAllInfo(AdditionalSystemInterpreterInfo.java:179)
	at com.python.pydev.analysis.additionalinfo.AdditionalSystemInterpreterInfo.getAdditionalSystemInfo(AdditionalSystemInterpreterInfo.java:155)
	at com.python.pydev.analysis.additionalinfo.AdditionalSystemInterpreterInfo.getAdditionalSystemInfo(AdditionalSystemInterpreterInfo.java:124)
	at com.python.pydev.analysis.additionalinfo.AdditionalSystemInterpreterInfo.recreateAllInfo(AdditionalSystemInterpreterInfo.java:171)
	at com.python.pydev.analysis.additionalinfo.builders.InterpreterObserver.notifyDefaultPythonpathRestored(InterpreterObserver.java:36)
	at org.python.pydev.ui.interpreters.AbstractInterpreterManager.restorePythopathForInterpreters(AbstractInterpreterManager.java:740)
	at org.python.pydev.ui.interpreters.AbstractInterpreterManager.setInfos(AbstractInterpreterManager.java:657)
	at org.python.pydev.ui.pythonpathconf.AbstractInterpreterPreferencesPage$5.run(AbstractInterpreterPreferencesPage.java:282)
	at org.eclipse.jface.operation.ModalContext$ModalContextThread.run(ModalContext.java:119)

!ENTRY org.python.pydev.shared_core 4 4 2016-06-26 13:59:40.674
!MESSAGE Did not expect to find item below node: Assign[targets=[Attribute[value=Name[id=self, ctx=Load, reserved=false], attr=NameTok[id=hard_break, ctx=Attrib], ctx=Load], Attribute[value=Name[id=self, ctx=Load, reserved=false], attr=NameTok[id=nospace, ctx=Attrib], ctx=Load]], value=null] (module: formatter.py).
!STACK 0
java.lang.RuntimeException: Did not expect to find item below node: Assign[targets=[Attribute[value=Name[id=self, ctx=Load, reserved=false], attr=NameTok[id=hard_break, ctx=Attrib], ctx=Load], Attribute[value=Name[id=self, ctx=Load, reserved=false], attr=NameTok[id=nospace, ctx=Attrib], ctx=Load]], value=null] (module: formatter.py).
	at org.python.pydev.core.log.Log.log(Log.java:54)
	at org.python.pydev.parser.fastparser.FastDefinitionsParser.endScopesInStack(FastDefinitionsParser.java:589)
	at org.python.pydev.parser.fastparser.FastDefinitionsParser.handleNewLine(FastDefinitionsParser.java:380)
	at org.python.pydev.parser.fastparser.FastDefinitionsParser.extractBody(FastDefinitionsParser.java:249)
	at org.python.pydev.parser.fastparser.FastDefinitionsParser.parse(FastDefinitionsParser.java:676)
	at com.python.pydev.analysis.additionalinfo.AbstractAdditionalTokensInfo.addAstInfo(AbstractAdditionalTokensInfo.java:314)
	at com.python.pydev.analysis.additionalinfo.AbstractAdditionalInfoWithBuild.restoreInfoForModuleManager(AbstractAdditionalInfoWithBuild.java:264)
	at com.python.pydev.analysis.additionalinfo.AdditionalSystemInterpreterInfo.recreateAllInfo(AdditionalSystemInterpreterInfo.java:179)
	at com.python.pydev.analysis.additionalinfo.AdditionalSystemInterpreterInfo.getAdditionalSystemInfo(AdditionalSystemInterpreterInfo.java:155)
	at com.python.pydev.analysis.additionalinfo.AdditionalSystemInterpreterInfo.getAdditionalSystemInfo(AdditionalSystemInterpreterInfo.java:124)
	at com.python.pydev.analysis.additionalinfo.AdditionalSystemInterpreterInfo.recreateAllInfo(AdditionalSystemInterpreterInfo.java:171)
	at com.python.pydev.analysis.additionalinfo.builders.InterpreterObserver.notifyDefaultPythonpathRestored(InterpreterObserver.java:36)
	at org.python.pydev.ui.interpreters.AbstractInterpreterManager.restorePythopathForInterpreters(AbstractInterpreterManager.java:740)
	at org.python.pydev.ui.interpreters.AbstractInterpreterManager.setInfos(AbstractInterpreterManager.java:657)
	at org.python.pydev.ui.pythonpathconf.AbstractInterpreterPreferencesPage$5.run(AbstractInterpreterPreferencesPage.java:282)
	at org.eclipse.jface.operation.ModalContext$ModalContextThread.run(ModalContext.java:119)

!ENTRY org.python.pydev.shared_core 4 4 2016-06-26 13:59:40.674
!MESSAGE Did not expect to find item below node: Assign[targets=[Attribute[value=Name[id=self, ctx=Load, reserved=false], attr=NameTok[id=nospace, ctx=Attrib], ctx=Load], Attribute[value=Name[id=self, ctx=Load, reserved=false], attr=NameTok[id=para_end, ctx=Attrib], ctx=Load]], value=null] (module: formatter.py).
!STACK 0
java.lang.RuntimeException: Did not expect to find item below node: Assign[targets=[Attribute[value=Name[id=self, ctx=Load, reserved=false], attr=NameTok[id=nospace, ctx=Attrib], ctx=Load], Attribute[value=Name[id=self, ctx=Load, reserved=false], attr=NameTok[id=para_end, ctx=Attrib], ctx=Load]], value=null] (module: formatter.py).
	at org.python.pydev.core.log.Log.log(Log.java:54)
	at org.python.pydev.parser.fastparser.FastDefinitionsParser.endScopesInStack(FastDefinitionsParser.java:589)
	at org.python.pydev.parser.fastparser.FastDefinitionsParser.handleNewLine(FastDefinitionsParser.java:380)
	at org.python.pydev.parser.fastparser.FastDefinitionsParser.extractBody(FastDefinitionsParser.java:249)
	at org.python.pydev.parser.fastparser.FastDefinitionsParser.parse(FastDefinitionsParser.java:676)
	at com.python.pydev.analysis.additionalinfo.AbstractAdditionalTokensInfo.addAstInfo(AbstractAdditionalTokensInfo.java:314)
	at com.python.pydev.analysis.additionalinfo.AbstractAdditionalInfoWithBuild.restoreInfoForModuleManager(AbstractAdditionalInfoWithBuild.java:264)
	at com.python.pydev.analysis.additionalinfo.AdditionalSystemInterpreterInfo.recreateAllInfo(AdditionalSystemInterpreterInfo.java:179)
	at com.python.pydev.analysis.additionalinfo.AdditionalSystemInterpreterInfo.getAdditionalSystemInfo(AdditionalSystemInterpreterInfo.java:155)
	at com.python.pydev.analysis.additionalinfo.AdditionalSystemInterpreterInfo.getAdditionalSystemInfo(AdditionalSystemInterpreterInfo.java:124)
	at com.python.pydev.analysis.additionalinfo.AdditionalSystemInterpreterInfo.recreateAllInfo(AdditionalSystemInterpreterInfo.java:171)
	at com.python.pydev.analysis.additionalinfo.builders.InterpreterObserver.notifyDefaultPythonpathRestored(InterpreterObserver.java:36)
	at org.python.pydev.ui.interpreters.AbstractInterpreterManager.restorePythopathForInterpreters(AbstractInterpreterManager.java:740)
	at org.python.pydev.ui.interpreters.AbstractInterpreterManager.setInfos(AbstractInterpreterManager.java:657)
	at org.python.pydev.ui.pythonpathconf.AbstractInterpreterPreferencesPage$5.run(AbstractInterpreterPreferencesPage.java:282)
	at org.eclipse.jface.operation.ModalContext$ModalContextThread.run(ModalContext.java:119)

!ENTRY org.python.pydev.shared_core 4 4 2016-06-26 13:59:40.674
!MESSAGE Did not expect to find item below node: Assign[targets=[Attribute[value=Name[id=self, ctx=Load, reserved=false], attr=NameTok[id=hard_break, ctx=Attrib], ctx=Load], Attribute[value=Name[id=self, ctx=Load, reserved=false], attr=NameTok[id=para_end, ctx=Attrib], ctx=Load]], value=null] (module: formatter.py).
!STACK 0
java.lang.RuntimeException: Did not expect to find item below node: Assign[targets=[Attribute[value=Name[id=self, ctx=Load, reserved=false], attr=NameTok[id=hard_break, ctx=Attrib], ctx=Load], Attribute[value=Name[id=self, ctx=Load, reserved=false], attr=NameTok[id=para_end, ctx=Attrib], ctx=Load]], value=null] (module: formatter.py).
	at org.python.pydev.core.log.Log.log(Log.java:54)
	at org.python.pydev.parser.fastparser.FastDefinitionsParser.endScopesInStack(FastDefinitionsParser.java:589)
	at org.python.pydev.parser.fastparser.FastDefinitionsParser.handleNewLine(FastDefinitionsParser.java:380)
	at org.python.pydev.parser.fastparser.FastDefinitionsParser.extractBody(FastDefinitionsParser.java:249)
	at org.python.pydev.parser.fastparser.FastDefinitionsParser.parse(FastDefinitionsParser.java:676)
	at com.python.pydev.analysis.additionalinfo.AbstractAdditionalTokensInfo.addAstInfo(AbstractAdditionalTokensInfo.java:314)
	at com.python.pydev.analysis.additionalinfo.AbstractAdditionalInfoWithBuild.restoreInfoForModuleManager(AbstractAdditionalInfoWithBuild.java:264)
	at com.python.pydev.analysis.additionalinfo.AdditionalSystemInterpreterInfo.recreateAllInfo(AdditionalSystemInterpreterInfo.java:179)
	at com.python.pydev.analysis.additionalinfo.AdditionalSystemInterpreterInfo.getAdditionalSystemInfo(AdditionalSystemInterpreterInfo.java:155)
	at com.python.pydev.analysis.additionalinfo.AdditionalSystemInterpreterInfo.getAdditionalSystemInfo(AdditionalSystemInterpreterInfo.java:124)
	at com.python.pydev.analysis.additionalinfo.AdditionalSystemInterpreterInfo.recreateAllInfo(AdditionalSystemInterpreterInfo.java:171)
	at com.python.pydev.analysis.additionalinfo.builders.InterpreterObserver.notifyDefaultPythonpathRestored(InterpreterObserver.java:36)
	at org.python.pydev.ui.interpreters.AbstractInterpreterManager.restorePythopathForInterpreters(AbstractInterpreterManager.java:740)
	at org.python.pydev.ui.interpreters.AbstractInterpreterManager.setInfos(AbstractInterpreterManager.java:657)
	at org.python.pydev.ui.pythonpathconf.AbstractInterpreterPreferencesPage$5.run(AbstractInterpreterPreferencesPage.java:282)
	at org.eclipse.jface.operation.ModalContext$ModalContextThread.run(ModalContext.java:119)

!ENTRY org.python.pydev.shared_core 4 4 2016-06-26 13:59:41.184
!MESSAGE Did not expect to find item below node: Assign[targets=[Attribute[value=Name[id=self, ctx=Load, reserved=false], attr=NameTok[id=_weakref, ctx=Attrib], ctx=Load], Attribute[value=Name[id=self, ctx=Load, reserved=false], attr=NameTok[id=_callback, ctx=Attrib], ctx=Load]], value=null] (module: util.py).
!STACK 0
java.lang.RuntimeException: Did not expect to find item below node: Assign[targets=[Attribute[value=Name[id=self, ctx=Load, reserved=false], attr=NameTok[id=_weakref, ctx=Attrib], ctx=Load], Attribute[value=Name[id=self, ctx=Load, reserved=false], attr=NameTok[id=_callback, ctx=Attrib], ctx=Load]], value=null] (module: util.py).
	at org.python.pydev.core.log.Log.log(Log.java:54)
	at org.python.pydev.parser.fastparser.FastDefinitionsParser.endScopesInStack(FastDefinitionsParser.java:589)
	at org.python.pydev.parser.fastparser.FastDefinitionsParser.handleNewLine(FastDefinitionsParser.java:380)
	at org.python.pydev.parser.fastparser.FastDefinitionsParser.extractBody(FastDefinitionsParser.java:249)
	at org.python.pydev.parser.fastparser.FastDefinitionsParser.parse(FastDefinitionsParser.java:676)
	at com.python.pydev.analysis.additionalinfo.AbstractAdditionalTokensInfo.addAstInfo(AbstractAdditionalTokensInfo.java:314)
	at com.python.pydev.analysis.additionalinfo.AbstractAdditionalInfoWithBuild.restoreInfoForModuleManager(AbstractAdditionalInfoWithBuild.java:264)
	at com.python.pydev.analysis.additionalinfo.AdditionalSystemInterpreterInfo.recreateAllInfo(AdditionalSystemInterpreterInfo.java:179)
	at com.python.pydev.analysis.additionalinfo.AdditionalSystemInterpreterInfo.getAdditionalSystemInfo(AdditionalSystemInterpreterInfo.java:155)
	at com.python.pydev.analysis.additionalinfo.AdditionalSystemInterpreterInfo.getAdditionalSystemInfo(AdditionalSystemInterpreterInfo.java:124)
	at com.python.pydev.analysis.additionalinfo.AdditionalSystemInterpreterInfo.recreateAllInfo(AdditionalSystemInterpreterInfo.java:171)
	at com.python.pydev.analysis.additionalinfo.builders.InterpreterObserver.notifyDefaultPythonpathRestored(InterpreterObserver.java:36)
	at org.python.pydev.ui.interpreters.AbstractInterpreterManager.restorePythopathForInterpreters(AbstractInterpreterManager.java:740)
	at org.python.pydev.ui.interpreters.AbstractInterpreterManager.setInfos(AbstractInterpreterManager.java:657)
	at org.python.pydev.ui.pythonpathconf.AbstractInterpreterPreferencesPage$5.run(AbstractInterpreterPreferencesPage.java:282)
	at org.eclipse.jface.operation.ModalContext$ModalContextThread.run(ModalContext.java:119)

!ENTRY org.python.pydev.shared_core 4 4 2016-06-26 13:59:41.915
!MESSAGE The encoding found: >>string-escape<< on C:\Python27\Lib\test\bad_coding3.py is not a valid encoding.
!STACK 0
java.io.UnsupportedEncodingException: The encoding found: >>string-escape<< on C:\Python27\Lib\test\bad_coding3.py is not a valid encoding.
	at org.python.pydev.shared_core.io.FileUtils.getValidEncoding(FileUtils.java:729)
	at org.python.pydev.shared_core.io.FileUtils.getPythonFileEncoding(FileUtils.java:690)
	at org.python.pydev.shared_core.io.FileUtils.getPythonFileEncoding(FileUtils.java:760)
	at org.python.pydev.core.FileUtilsFileBuffer.getCustomReturnFromFile(FileUtilsFileBuffer.java:155)
	at com.python.pydev.analysis.additionalinfo.AbstractAdditionalTokensInfo.addAstInfo(AbstractAdditionalTokensInfo.java:285)
	at com.python.pydev.analysis.additionalinfo.AbstractAdditionalInfoWithBuild.restoreInfoForModuleManager(AbstractAdditionalInfoWithBuild.java:264)
	at com.python.pydev.analysis.additionalinfo.AdditionalSystemInterpreterInfo.recreateAllInfo(AdditionalSystemInterpreterInfo.java:179)
	at com.python.pydev.analysis.additionalinfo.AdditionalSystemInterpreterInfo.getAdditionalSystemInfo(AdditionalSystemInterpreterInfo.java:155)
	at com.python.pydev.analysis.additionalinfo.AdditionalSystemInterpreterInfo.getAdditionalSystemInfo(AdditionalSystemInterpreterInfo.java:124)
	at com.python.pydev.analysis.additionalinfo.AdditionalSystemInterpreterInfo.recreateAllInfo(AdditionalSystemInterpreterInfo.java:171)
	at com.python.pydev.analysis.additionalinfo.builders.InterpreterObserver.notifyDefaultPythonpathRestored(InterpreterObserver.java:36)
	at org.python.pydev.ui.interpreters.AbstractInterpreterManager.restorePythopathForInterpreters(AbstractInterpreterManager.java:740)
	at org.python.pydev.ui.interpreters.AbstractInterpreterManager.setInfos(AbstractInterpreterManager.java:657)
	at org.python.pydev.ui.pythonpathconf.AbstractInterpreterPreferencesPage$5.run(AbstractInterpreterPreferencesPage.java:282)
	at org.eclipse.jface.operation.ModalContext$ModalContextThread.run(ModalContext.java:119)

!ENTRY org.python.pydev.shared_core 4 4 2016-06-26 13:59:42.436
!MESSAGE Did not expect to find item below node: Assign[targets=[Name[id=argsParseTuple, ctx=Store, reserved=false], Name[id=argsCOM, ctx=Store, reserved=false], Name[id=formatChars, ctx=Store, reserved=false]], value=null] (module: makegw.py).
!STACK 0
java.lang.RuntimeException: Did not expect to find item below node: Assign[targets=[Name[id=argsParseTuple, ctx=Store, reserved=false], Name[id=argsCOM, ctx=Store, reserved=false], Name[id=formatChars, ctx=Store, reserved=false]], value=null] (module: makegw.py).
	at org.python.pydev.core.log.Log.log(Log.java:54)
	at org.python.pydev.parser.fastparser.FastDefinitionsParser.endScopesInStack(FastDefinitionsParser.java:589)
	at org.python.pydev.parser.fastparser.FastDefinitionsParser.handleNewLine(FastDefinitionsParser.java:380)
	at org.python.pydev.parser.fastparser.FastDefinitionsParser.extractBody(FastDefinitionsParser.java:249)
	at org.python.pydev.parser.fastparser.FastDefinitionsParser.parse(FastDefinitionsParser.java:676)
	at com.python.pydev.analysis.additionalinfo.AbstractAdditionalTokensInfo.addAstInfo(AbstractAdditionalTokensInfo.java:314)
	at com.python.pydev.analysis.additionalinfo.AbstractAdditionalInfoWithBuild.restoreInfoForModuleManager(AbstractAdditionalInfoWithBuild.java:264)
	at com.python.pydev.analysis.additionalinfo.AdditionalSystemInterpreterInfo.recreateAllInfo(AdditionalSystemInterpreterInfo.java:179)
	at com.python.pydev.analysis.additionalinfo.AdditionalSystemInterpreterInfo.getAdditionalSystemInfo(AdditionalSystemInterpreterInfo.java:155)
	at com.python.pydev.analysis.additionalinfo.AdditionalSystemInterpreterInfo.getAdditionalSystemInfo(AdditionalSystemInterpreterInfo.java:124)
	at com.python.pydev.analysis.additionalinfo.AdditionalSystemInterpreterInfo.recreateAllInfo(AdditionalSystemInterpreterInfo.java:171)
	at com.python.pydev.analysis.additionalinfo.builders.InterpreterObserver.notifyDefaultPythonpathRestored(InterpreterObserver.java:36)
	at org.python.pydev.ui.interpreters.AbstractInterpreterManager.restorePythopathForInterpreters(AbstractInterpreterManager.java:740)
	at org.python.pydev.ui.interpreters.AbstractInterpreterManager.setInfos(AbstractInterpreterManager.java:657)
	at org.python.pydev.ui.pythonpathconf.AbstractInterpreterPreferencesPage$5.run(AbstractInterpreterPreferencesPage.java:282)
	at org.eclipse.jface.operation.ModalContext$ModalContextThread.run(ModalContext.java:119)

!ENTRY org.python.pydev.shared_core 4 4 2016-06-26 13:59:45.160
!MESSAGE Interpreter: KivyPython not found
!STACK 0
org.python.pydev.core.MisconfigurationException: Interpreter: KivyPython not found
	at org.python.pydev.ui.interpreters.AbstractInterpreterManager.getInterpreterInfo(AbstractInterpreterManager.java:477)
	at org.python.pydev.ui.interpreters.AbstractInterpreterManager.getInterpreterInfo(AbstractInterpreterManager.java:1)
	at org.python.pydev.plugin.nature.PythonNature.getProjectInterpreter(PythonNature.java:1224)
	at org.python.pydev.plugin.nature.PythonPathNature.getVariableSubstitution(PythonPathNature.java:521)
	at org.python.pydev.plugin.nature.PythonPathNature.getVariableSubstitution(PythonPathNature.java:504)
	at org.python.pydev.core.docutils.StringSubstitution.<init>(StringSubstitution.java:42)
	at org.python.pydev.plugin.nature.PythonPathNature.getProjectSourcePath(PythonPathNature.java:386)
	at org.python.pydev.plugin.nature.PythonPathNature.getProjectSourcePath(PythonPathNature.java:333)
	at org.python.pydev.plugin.nature.PythonPathNature.getProjectSourcePathSet(PythonPathNature.java:327)
	at org.python.pydev.navigator.PythonModelProvider.doWrapPossibleSourceFolder(PythonModelProvider.java:567)
	at org.python.pydev.navigator.PythonModelProvider.doWrap(PythonModelProvider.java:515)
	at org.python.pydev.navigator.PythonModelProvider.wrapChildren(PythonModelProvider.java:473)
	at org.python.pydev.navigator.PythonModelProvider.convertToPythonElementsAddOrRemove(PythonModelProvider.java:374)
	at org.python.pydev.navigator.PythonModelProvider.getPipelinedChildren(PythonModelProvider.java:140)
	at org.python.pydev.navigator.PythonModelProvider.getPipelinedElements(PythonModelProvider.java:170)
	at org.eclipse.ui.internal.navigator.extensions.SafeDelegateTreeContentProvider.getPipelinedElements(SafeDelegateTreeContentProvider.java:181)
	at org.eclipse.ui.internal.navigator.NavigatorContentServiceContentProvider.pipelineChildren(NavigatorContentServiceContentProvider.java:210)
	at org.eclipse.ui.internal.navigator.NavigatorContentServiceContentProvider.access$1(NavigatorContentServiceContentProvider.java:198)
	at org.eclipse.ui.internal.navigator.NavigatorContentServiceContentProvider$1.run(NavigatorContentServiceContentProvider.java:166)
	at org.eclipse.core.runtime.SafeRunner.run(SafeRunner.java:42)
	at org.eclipse.ui.internal.navigator.NavigatorContentServiceContentProvider.internalGetChildren(NavigatorContentServiceContentProvider.java:143)
	at org.eclipse.ui.internal.navigator.NavigatorContentServiceContentProvider.getElements(NavigatorContentServiceContentProvider.java:116)
	at org.eclipse.jface.viewers.StructuredViewer.getRawChildren(StructuredViewer.java:1001)
	at org.eclipse.jface.viewers.ColumnViewer.getRawChildren(ColumnViewer.java:701)
	at org.eclipse.jface.viewers.AbstractTreeViewer.getRawChildren(AbstractTreeViewer.java:1349)
	at org.eclipse.jface.viewers.TreeViewer.getRawChildren(TreeViewer.java:341)
	at org.eclipse.jface.viewers.StructuredViewer.getFilteredChildren(StructuredViewer.java:907)
	at org.eclipse.jface.viewers.AbstractTreeViewer.getSortedChildren(AbstractTreeViewer.java:621)
	at org.eclipse.jface.viewers.AbstractTreeViewer.updateChildren(AbstractTreeViewer.java:2635)
	at org.eclipse.jface.viewers.AbstractTreeViewer.internalRefreshStruct(AbstractTreeViewer.java:1913)
	at org.eclipse.jface.viewers.TreeViewer.internalRefreshStruct(TreeViewer.java:669)
	at org.eclipse.jface.viewers.AbstractTreeViewer.internalRefresh(AbstractTreeViewer.java:1888)
	at org.eclipse.jface.viewers.AbstractTreeViewer.internalRefresh(AbstractTreeViewer.java:1845)
	at org.eclipse.ui.navigator.CommonViewer.internalRefresh(CommonViewer.java:529)
	at org.eclipse.jface.viewers.StructuredViewer.lambda$1(StructuredViewer.java:1542)
	at org.eclipse.jface.viewers.StructuredViewer.preservingSelection(StructuredViewer.java:1458)
	at org.eclipse.jface.viewers.TreeViewer.preservingSelection(TreeViewer.java:354)
	at org.eclipse.jface.viewers.StructuredViewer.preservingSelection(StructuredViewer.java:1419)
	at org.eclipse.jface.viewers.StructuredViewer.refresh(StructuredViewer.java:1542)
	at org.eclipse.jface.viewers.ColumnViewer.refresh(ColumnViewer.java:535)
	at org.eclipse.ui.navigator.CommonViewer.refresh(CommonViewer.java:349)
	at org.eclipse.ui.navigator.CommonViewer.refresh(CommonViewer.java:492)
	at org.python.pydev.navigator.PythonBaseModelProvider$4.run(PythonBaseModelProvider.java:1283)
	at org.python.pydev.navigator.PythonBaseModelProvider.runUpdates(PythonBaseModelProvider.java:1054)
	at org.python.pydev.navigator.PythonBaseModelProvider.access$0(PythonBaseModelProvider.java:1030)
	at org.python.pydev.navigator.PythonBaseModelProvider$2.run(PythonBaseModelProvider.java:1018)
	at org.eclipse.swt.widgets.RunnableLock.run(RunnableLock.java:35)
	at org.eclipse.swt.widgets.Synchronizer.runAsyncMessages(Synchronizer.java:182)
	at org.eclipse.swt.widgets.Display.runAsyncMessages(Display.java:4208)
	at org.eclipse.swt.widgets.Display.readAndDispatch(Display.java:3824)
	at org.eclipse.jface.window.Window.runEventLoop(Window.java:818)
	at org.eclipse.jface.window.Window.open(Window.java:794)
	at org.eclipse.ui.dialogs.PropertyDialogAction.run(PropertyDialogAction.java:157)
	at org.eclipse.ui.internal.ide.actions.ProjectPropertyDialogAction.run(ProjectPropertyDialogAction.java:79)
	at org.eclipse.jface.action.Action.runWithEvent(Action.java:473)
	at org.eclipse.jface.action.ActionContributionItem.handleWidgetSelection(ActionContributionItem.java:565)
	at org.eclipse.jface.action.ActionContributionItem.lambda$4(ActionContributionItem.java:397)
	at org.eclipse.swt.widgets.EventTable.sendEvent(EventTable.java:84)
	at org.eclipse.swt.widgets.Display.sendEvent(Display.java:4415)
	at org.eclipse.swt.widgets.Widget.sendEvent(Widget.java:1079)
	at org.eclipse.swt.widgets.Display.runDeferredEvents(Display.java:4233)
	at org.eclipse.swt.widgets.Display.readAndDispatch(Display.java:3821)
	at org.eclipse.e4.ui.internal.workbench.swt.PartRenderingEngine$4.run(PartRenderingEngine.java:1119)
	at org.eclipse.core.databinding.observable.Realm.runWithDefault(Realm.java:336)
	at org.eclipse.e4.ui.internal.workbench.swt.PartRenderingEngine.run(PartRenderingEngine.java:1020)
	at org.eclipse.e4.ui.internal.workbench.E4Workbench.createAndRunUI(E4Workbench.java:150)
	at org.eclipse.ui.internal.Workbench$5.run(Workbench.java:687)
	at org.eclipse.core.databinding.observable.Realm.runWithDefault(Realm.java:336)
	at org.eclipse.ui.internal.Workbench.createAndRunWorkbench(Workbench.java:604)
	at org.eclipse.ui.PlatformUI.createAndRunWorkbench(PlatformUI.java:148)
	at com.brainwy.liclipse.rcp.IDEApplication.start(IDEApplication.java:210)
	at org.eclipse.equinox.internal.app.EclipseAppHandle.run(EclipseAppHandle.java:196)
	at org.eclipse.core.runtime.internal.adaptor.EclipseAppLauncher.runApplication(EclipseAppLauncher.java:134)
	at org.eclipse.core.runtime.internal.adaptor.EclipseAppLauncher.start(EclipseAppLauncher.java:104)
	at org.eclipse.core.runtime.adaptor.EclipseStarter.run(EclipseStarter.java:388)
	at org.eclipse.core.runtime.adaptor.EclipseStarter.run(EclipseStarter.java:243)
	at sun.reflect.NativeMethodAccessorImpl.invoke0(Native Method)
	at sun.reflect.NativeMethodAccessorImpl.invoke(NativeMethodAccessorImpl.java:62)
	at sun.reflect.DelegatingMethodAccessorImpl.invoke(DelegatingMethodAccessorImpl.java:43)
	at java.lang.reflect.Method.invoke(Method.java:498)
	at org.eclipse.equinox.launcher.Main.invokeFramework(Main.java:673)
	at org.eclipse.equinox.launcher.Main.basicRun(Main.java:610)
	at org.eclipse.equinox.launcher.Main.run(Main.java:1519)

!ENTRY org.python.pydev.shared_core 4 4 2016-06-26 14:00:19.297
!MESSAGE ERROR reading shell.
ProcessInfo:

 - Executed: C:\Python27\python.exe -u C:\Program Files\Brainwy\LiClipse 3.0.3\plugins\org.python.pydev_5.0.0.201605191001\pysrc\pycompletionserver.py 49179

 - Environment:
ALLUSERSPROFILE=C:\ProgramData
APPDATA=C:\Users\IEUser\AppData\Roaming
COMMONPROGRAMFILES=C:\Program Files\Common Files
COMPUTERNAME=IE9WIN7
COMSPEC=C:\Windows\system32\cmd.exe
FP_NO_HOST_CHECK=NO
HOMEDRIVE=C:
HOMEPATH=\Users\IEUser
LOCALAPPDATA=C:\Users\IEUser\AppData\Local
LOGONSERVER=\\IE9WIN7
NUMBER_OF_PROCESSORS=1
OS=Windows_NT
PATH=C:/Program Files/Brainwy/LiClipse 3.0.3/jre/bin/client;C:/Program Files/Brainwy/LiClipse 3.0.3/jre/bin;C:/Program Files/Brainwy/LiClipse 3.0.3/jre/lib/i386;C:\Windows\system32;C:\Windows;C:\Windows\System32\Wbem;C:\Windows\System32\WindowsPowerShell\v1.0\;C:\Python27;C:\Python27\Scripts;C:\Program Files\Git\cmd;C:\Program Files\Brainwy\LiClipse 3.0.3;
PATHEXT=.COM;.EXE;.BAT;.CMD;.VBS;.VBE;.JS;.JSE;.WSF;.WSH;.MSC
PROCESSOR_ARCHITECTURE=x86
PROCESSOR_IDENTIFIER=x86 Family 6 Model 42 Stepping 7, GenuineIntel
PROCESSOR_LEVEL=6
PROCESSOR_REVISION=2a07
PROGRAMDATA=C:\ProgramData
PROGRAMFILES=C:\Program Files
PROMPT=$P$G
PSMODULEPATH=C:\Windows\system32\WindowsPowerShell\v1.0\Modules\
PUBLIC=C:\Users\Public
PYTHONPATH=C:\Program Files\Brainwy\LiClipse 3.0.3\plugins\org.python.pydev_5.0.0.201605191001\pysrc\pydev_sitecustomize;C:\Python27\DLLs;C:\Python27\lib;C:\Python27\lib\lib-tk;C:\Python27;C:\Python27\lib\site-packages;C:\Python27\lib\site-packages\win32;C:\Python27\lib\site-packages\win32\lib;C:\Python27\lib\site-packages\Pythonwin
SESSIONNAME=Console
SYSTEMDRIVE=C:
SYSTEMROOT=C:\Windows
TEMP=C:\Users\IEUser\AppData\Local\Temp
TMP=C:\Users\IEUser\AppData\Local\Temp
USERDOMAIN=IE9WIN7
USERNAME=IEUser
USERPROFILE=C:\Users\IEUser
WINDIR=C:\Windows

 - Working Dir:
C:\Program Files\Brainwy\LiClipse 3.0.3\plugins\org.python.pydev_5.0.0.201605191001\pysrc

 - OS:
Windows 7

 - Std output:


 - Err output:

!STACK 0
java.io.IOException: An existing connection was forcibly closed by the remote host
	at sun.nio.ch.SocketDispatcher.write0(Native Method)
	at sun.nio.ch.SocketDispatcher.write(SocketDispatcher.java:51)
	at sun.nio.ch.IOUtil.writeFromNativeBuffer(IOUtil.java:93)
	at sun.nio.ch.IOUtil.write(IOUtil.java:65)
	at sun.nio.ch.SocketChannelImpl.write(SocketChannelImpl.java:471)
	at java.nio.channels.Channels.writeFullyImpl(Channels.java:78)
	at java.nio.channels.Channels.writeFully(Channels.java:98)
	at java.nio.channels.Channels.access$000(Channels.java:61)
	at java.nio.channels.Channels$1.write(Channels.java:174)
	at java.io.OutputStream.write(OutputStream.java:75)
	at org.python.pydev.editor.codecompletion.shell.AbstractShell.write(AbstractShell.java:544)
	at org.python.pydev.editor.codecompletion.shell.AbstractShell.writeAndGetResults(AbstractShell.java:691)
	at org.python.pydev.editor.codecompletion.shell.AbstractShell.internalChangePythonPath(AbstractShell.java:737)
	at org.python.pydev.editor.codecompletion.shell.AbstractShell.getImportCompletions(AbstractShell.java:755)
	at org.python.pydev.editor.codecompletion.revisited.modules.CompiledModule.createInnerFromServer(CompiledModule.java:332)
	at org.python.pydev.editor.codecompletion.revisited.modules.CompiledModule.getGlobalTokens(CompiledModule.java:532)
	at org.python.pydev.editor.codecompletion.revisited.AbstractASTManager.internalGenerateGetCompletionsForModule(AbstractASTManager.java:747)
	at org.python.pydev.editor.codecompletion.revisited.AbstractASTManager.getCompletionsForModule(AbstractASTManager.java:572)
	at org.python.pydev.editor.codecompletion.revisited.AbstractASTManager.getCompletionsForModule(AbstractASTManager.java:541)
	at org.python.pydev.editor.codecompletion.revisited.AbstractASTManager.getCompletionsForModule(AbstractASTManager.java:532)
	at org.python.pydev.editor.codecompletion.revisited.AbstractASTManager.getCompletionsForModule(AbstractASTManager.java:522)
	at org.python.pydev.editor.codecompletion.revisited.AbstractASTManager.internalGenerateGetCompletionsForModule(AbstractASTManager.java:755)
	at org.python.pydev.editor.codecompletion.revisited.AbstractASTManager.getCompletionsForModule(AbstractASTManager.java:572)
	at org.python.pydev.editor.codecompletion.revisited.AbstractASTManager.getCompletionsForModule(AbstractASTManager.java:541)
	at org.python.pydev.editor.codecompletion.revisited.AbstractASTManager.getCompletionsForModule(AbstractASTManager.java:532)
	at org.python.pydev.editor.codecompletion.revisited.modules.AbstractModule.internalGenerateCachedTokens(AbstractModule.java:216)
	at org.python.pydev.editor.codecompletion.revisited.modules.AbstractModule.getCachedCompletions(AbstractModule.java:188)
	at org.python.pydev.editor.codecompletion.revisited.modules.AbstractModule.isInGlobalTokens(AbstractModule.java:140)
	at com.python.pydev.analysis.scopeanalysis.AbstractScopeAnalyzerVisitor.markRead(AbstractScopeAnalyzerVisitor.java:1200)
	at com.python.pydev.analysis.scopeanalysis.AbstractScopeAnalyzerVisitor.visitAttribute(AbstractScopeAnalyzerVisitor.java:716)
	at org.python.pydev.parser.jython.ast.Attribute.accept(Attribute.java:99)
	at com.python.pydev.analysis.scopeanalysis.AbstractScopeAnalyzerVisitor.onVisitCallFunc(AbstractScopeAnalyzerVisitor.java:227)
	at com.python.pydev.analysis.scopeanalysis.AbstractScopeAnalyzerVisitor.visitCall(AbstractScopeAnalyzerVisitor.java:199)
	at org.python.pydev.parser.jython.ast.Call.accept(Call.java:137)
	at org.python.pydev.parser.jython.ast.Expr.traverse(Expr.java:85)
	at com.python.pydev.analysis.scopeanalysis.AbstractScopeAnalyzerVisitor.traverse(AbstractScopeAnalyzerVisitor.java:193)
	at org.python.pydev.parser.jython.ast.VisitorBase.visitExpr(VisitorBase.java:193)
	at org.python.pydev.parser.jython.ast.Expr.accept(Expr.java:79)
	at org.python.pydev.parser.jython.ast.If.traverse(If.java:119)
	at com.python.pydev.analysis.scopeanalysis.AbstractScopeAnalyzerVisitor.traverse(AbstractScopeAnalyzerVisitor.java:193)
	at org.python.pydev.parser.jython.ast.VisitorBase.visitIf(VisitorBase.java:116)
	at com.python.pydev.analysis.scopeanalysis.AbstractScopeAnalyzerVisitor.visitIf(AbstractScopeAnalyzerVisitor.java:863)
	at org.python.pydev.parser.jython.ast.If.accept(If.java:108)
	at org.python.pydev.parser.jython.ast.TryExcept.traverse(TryExcept.java:123)
	at com.python.pydev.analysis.scopeanalysis.AbstractScopeAnalyzerVisitor.traverse(AbstractScopeAnalyzerVisitor.java:193)
	at org.python.pydev.parser.jython.ast.VisitorBase.visitTryExcept(VisitorBase.java:137)
	at com.python.pydev.analysis.scopeanalysis.AbstractScopeAnalyzerVisitor.visitTryExcept(AbstractScopeAnalyzerVisitor.java:882)
	at org.python.pydev.parser.jython.ast.TryExcept.accept(TryExcept.java:115)
	at org.python.pydev.parser.jython.ast.Module.traverse(Module.java:93)
	at com.python.pydev.analysis.scopeanalysis.AbstractScopeAnalyzerVisitor.traverse(AbstractScopeAnalyzerVisitor.java:193)
	at org.python.pydev.parser.jython.ast.VisitorBase.visitModule(VisitorBase.java:11)
	at org.python.pydev.parser.jython.ast.Module.accept(Module.java:85)
	at com.python.pydev.refactoring.wizards.rename.AbstractRenameRefactorProcess.getOccurrencesWithScopeAnalyzer(AbstractRenameRefactorProcess.java:281)
	at com.python.pydev.refactoring.wizards.rename.PyRenameAnyLocalProcess.getOccurrences(PyRenameAnyLocalProcess.java:52)
	at com.python.pydev.refactoring.wizards.rename.PyRenameAnyLocalProcess.findReferencesToRenameOnLocalScope(PyRenameAnyLocalProcess.java:42)
	at com.python.pydev.refactoring.wizards.rename.AbstractRenameRefactorProcess.findReferencesToRename(AbstractRenameRefactorProcess.java:190)
	at com.python.pydev.refactoring.wizards.rename.PyReferenceSearcher.search(PyReferenceSearcher.java:152)
	at com.python.pydev.refactoring.markoccurrences.MarkOccurrencesJob.createRequest(MarkOccurrencesJob.java:151)
	at org.python.pydev.shared_ui.mark_occurrences.BaseMarkOccurrencesJob.run(BaseMarkOccurrencesJob.java:168)
	at org.eclipse.core.internal.jobs.Worker.run(Worker.java:55)
